[0.215s] DEBUG:colcon:Command line arguments: ['/usr/bin/colcon', 'build', '--packages-up-to', 'micro_ros_agent', '--cmake-args', '-DUAGENT_BUILD_EXECUTABLE=OFF', '-DUAGENT_P2P_PROFILE=OFF', '--no-warn-unused-cli']
[0.215s] DEBUG:colcon:Parsed command line arguments: Namespace(log_base=None, log_level=None, verb_name='build', build_base='build', install_base='install', merge_install=False, symlink_install=False, test_result_base=None, continue_on_error=False, executor='parallel', parallel_workers=8, event_handlers=None, ignore_user_meta=False, metas=['./colcon.meta'], base_paths=['.'], packages_ignore=None, packages_ignore_regex=None, paths=None, packages_up_to=['micro_ros_agent'], packages_up_to_regex=None, packages_above=None, packages_above_and_dependencies=None, packages_above_depth=None, packages_select_by_dep=None, packages_skip_by_dep=None, packages_skip_up_to=None, packages_select_build_failed=False, packages_skip_build_finished=False, packages_select_test_failures=False, packages_skip_test_passed=False, packages_select=None, packages_skip=None, packages_select_regex=None, packages_skip_regex=None, packages_start=None, packages_end=None, allow_overriding=[], cmake_args=['-DUAGENT_BUILD_EXECUTABLE=OFF', '-DUAGENT_P2P_PROFILE=OFF', '--no-warn-unused-cli'], cmake_target=None, cmake_target_skip_unavailable=False, cmake_clean_cache=False, cmake_clean_first=False, cmake_force_configure=False, ament_cmake_args=None, catkin_cmake_args=None, catkin_skip_building_tests=False, verb_parser=<colcon_defaults.argument_parser.defaults.DefaultArgumentsDecorator object at 0x7a384aa45000>, verb_extension=<colcon_core.verb.build.BuildVerb object at 0x7a384aa44af0>, main=<bound method BuildVerb.main of <colcon_core.verb.build.BuildVerb object at 0x7a384aa44af0>>)
[0.544s] Level 1:colcon.colcon_core.package_discovery:discover_packages(colcon_meta) check parameters
[0.544s] Level 1:colcon.colcon_core.package_discovery:discover_packages(recursive) check parameters
[0.544s] Level 1:colcon.colcon_core.package_discovery:discover_packages(ignore) check parameters
[0.544s] Level 1:colcon.colcon_core.package_discovery:discover_packages(path) check parameters
[0.544s] Level 1:colcon.colcon_core.package_discovery:discover_packages(colcon_meta) discover
[0.544s] Level 1:colcon.colcon_core.package_discovery:discover_packages(recursive) discover
[0.544s] INFO:colcon.colcon_core.package_discovery:Crawling recursively for packages in '/home/omarwaleed/Desktop/project/component/Torpedo-ROVER/uros_ws'
[0.545s] Level 1:colcon.colcon_core.package_identification:_identify(.) by extensions ['ignore', 'ignore_ament_install']
[0.545s] Level 1:colcon.colcon_core.package_identification:_identify(.) by extension 'ignore'
[0.545s] Level 1:colcon.colcon_core.package_identification:_identify(.) by extension 'ignore_ament_install'
[0.545s] Level 1:colcon.colcon_core.package_identification:_identify(.) by extensions ['colcon_pkg']
[0.545s] Level 1:colcon.colcon_core.package_identification:_identify(.) by extension 'colcon_pkg'
[0.545s] Level 1:colcon.colcon_core.package_identification:_identify(.) by extensions ['colcon_meta']
[0.545s] Level 1:colcon.colcon_core.package_identification:_identify(.) by extension 'colcon_meta'
[0.545s] Level 1:colcon.colcon_core.package_identification:_identify(.) by extensions ['ros']
[0.545s] Level 1:colcon.colcon_core.package_identification:_identify(.) by extension 'ros'
[0.568s] Level 1:colcon.colcon_core.package_identification:_identify(.) by extensions ['cmake', 'python']
[0.568s] Level 1:colcon.colcon_core.package_identification:_identify(.) by extension 'cmake'
[0.568s] Level 1:colcon.colcon_core.package_identification:_identify(.) by extension 'python'
[0.568s] Level 1:colcon.colcon_core.package_identification:_identify(.) by extensions ['python_setup_py']
[0.568s] Level 1:colcon.colcon_core.package_identification:_identify(.) by extension 'python_setup_py'
[0.568s] Level 1:colcon.colcon_core.package_identification:_identify(build) by extensions ['ignore', 'ignore_ament_install']
[0.568s] Level 1:colcon.colcon_core.package_identification:_identify(build) by extension 'ignore'
[0.568s] Level 1:colcon.colcon_core.package_identification:_identify(build) ignored
[0.569s] Level 1:colcon.colcon_core.package_identification:_identify(install) by extensions ['ignore', 'ignore_ament_install']
[0.569s] Level 1:colcon.colcon_core.package_identification:_identify(install) by extension 'ignore'
[0.569s] Level 1:colcon.colcon_core.package_identification:_identify(install) ignored
[0.569s] Level 1:colcon.colcon_core.package_identification:_identify(log) by extensions ['ignore', 'ignore_ament_install']
[0.569s] Level 1:colcon.colcon_core.package_identification:_identify(log) by extension 'ignore'
[0.569s] Level 1:colcon.colcon_core.package_identification:_identify(log) ignored
[0.570s] Level 1:colcon.colcon_core.package_identification:_identify(src) by extensions ['ignore', 'ignore_ament_install']
[0.570s] Level 1:colcon.colcon_core.package_identification:_identify(src) by extension 'ignore'
[0.570s] Level 1:colcon.colcon_core.package_identification:_identify(src) by extension 'ignore_ament_install'
[0.570s] Level 1:colcon.colcon_core.package_identification:_identify(src) by extensions ['colcon_pkg']
[0.570s] Level 1:colcon.colcon_core.package_identification:_identify(src) by extension 'colcon_pkg'
[0.570s] Level 1:colcon.colcon_core.package_identification:_identify(src) by extensions ['colcon_meta']
[0.570s] Level 1:colcon.colcon_core.package_identification:_identify(src) by extension 'colcon_meta'
[0.570s] Level 1:colcon.colcon_core.package_identification:_identify(src) by extensions ['ros']
[0.570s] Level 1:colcon.colcon_core.package_identification:_identify(src) by extension 'ros'
[0.570s] Level 1:colcon.colcon_core.package_identification:_identify(src) by extensions ['cmake', 'python']
[0.570s] Level 1:colcon.colcon_core.package_identification:_identify(src) by extension 'cmake'
[0.571s] Level 1:colcon.colcon_core.package_identification:_identify(src) by extension 'python'
[0.571s] Level 1:colcon.colcon_core.package_identification:_identify(src) by extensions ['python_setup_py']
[0.571s] Level 1:colcon.colcon_core.package_identification:_identify(src) by extension 'python_setup_py'
[0.571s] Level 1:colcon.colcon_core.package_identification:_identify(src/micro_ros_setup) by extensions ['ignore', 'ignore_ament_install']
[0.571s] Level 1:colcon.colcon_core.package_identification:_identify(src/micro_ros_setup) by extension 'ignore'
[0.571s] Level 1:colcon.colcon_core.package_identification:_identify(src/micro_ros_setup) by extension 'ignore_ament_install'
[0.571s] Level 1:colcon.colcon_core.package_identification:_identify(src/micro_ros_setup) by extensions ['colcon_pkg']
[0.571s] Level 1:colcon.colcon_core.package_identification:_identify(src/micro_ros_setup) by extension 'colcon_pkg'
[0.571s] Level 1:colcon.colcon_core.package_identification:_identify(src/micro_ros_setup) by extensions ['colcon_meta']
[0.571s] Level 1:colcon.colcon_core.package_identification:_identify(src/micro_ros_setup) by extension 'colcon_meta'
[0.572s] Level 1:colcon.colcon_core.package_identification:_identify(src/micro_ros_setup) by extensions ['ros']
[0.572s] Level 1:colcon.colcon_core.package_identification:_identify(src/micro_ros_setup) by extension 'ros'
[0.577s] DEBUG:colcon.colcon_core.package_identification:Package 'src/micro_ros_setup' with type 'ros.ament_cmake' and name 'micro_ros_setup'
[0.577s] Level 1:colcon.colcon_core.package_identification:_identify(src/uros) by extensions ['ignore', 'ignore_ament_install']
[0.577s] Level 1:colcon.colcon_core.package_identification:_identify(src/uros) by extension 'ignore'
[0.577s] Level 1:colcon.colcon_core.package_identification:_identify(src/uros) by extension 'ignore_ament_install'
[0.577s] Level 1:colcon.colcon_core.package_identification:_identify(src/uros) by extensions ['colcon_pkg']
[0.577s] Level 1:colcon.colcon_core.package_identification:_identify(src/uros) by extension 'colcon_pkg'
[0.578s] Level 1:colcon.colcon_core.package_identification:_identify(src/uros) by extensions ['colcon_meta']
[0.578s] Level 1:colcon.colcon_core.package_identification:_identify(src/uros) by extension 'colcon_meta'
[0.578s] Level 1:colcon.colcon_core.package_identification:_identify(src/uros) by extensions ['ros']
[0.578s] Level 1:colcon.colcon_core.package_identification:_identify(src/uros) by extension 'ros'
[0.578s] Level 1:colcon.colcon_core.package_identification:_identify(src/uros) by extensions ['cmake', 'python']
[0.578s] Level 1:colcon.colcon_core.package_identification:_identify(src/uros) by extension 'cmake'
[0.578s] Level 1:colcon.colcon_core.package_identification:_identify(src/uros) by extension 'python'
[0.578s] Level 1:colcon.colcon_core.package_identification:_identify(src/uros) by extensions ['python_setup_py']
[0.578s] Level 1:colcon.colcon_core.package_identification:_identify(src/uros) by extension 'python_setup_py'
[0.578s] Level 1:colcon.colcon_core.package_identification:_identify(src/uros/micro-ROS-Agent) by extensions ['ignore', 'ignore_ament_install']
[0.579s] Level 1:colcon.colcon_core.package_identification:_identify(src/uros/micro-ROS-Agent) by extension 'ignore'
[0.579s] Level 1:colcon.colcon_core.package_identification:_identify(src/uros/micro-ROS-Agent) by extension 'ignore_ament_install'
[0.579s] Level 1:colcon.colcon_core.package_identification:_identify(src/uros/micro-ROS-Agent) by extensions ['colcon_pkg']
[0.579s] Level 1:colcon.colcon_core.package_identification:_identify(src/uros/micro-ROS-Agent) by extension 'colcon_pkg'
[0.579s] Level 1:colcon.colcon_core.package_identification:_identify(src/uros/micro-ROS-Agent) by extensions ['colcon_meta']
[0.579s] Level 1:colcon.colcon_core.package_identification:_identify(src/uros/micro-ROS-Agent) by extension 'colcon_meta'
[0.579s] Level 1:colcon.colcon_core.package_identification:_identify(src/uros/micro-ROS-Agent) by extensions ['ros']
[0.579s] Level 1:colcon.colcon_core.package_identification:_identify(src/uros/micro-ROS-Agent) by extension 'ros'
[0.579s] Level 1:colcon.colcon_core.package_identification:_identify(src/uros/micro-ROS-Agent) by extensions ['cmake', 'python']
[0.579s] Level 1:colcon.colcon_core.package_identification:_identify(src/uros/micro-ROS-Agent) by extension 'cmake'
[0.580s] Level 1:colcon.colcon_core.package_identification:_identify(src/uros/micro-ROS-Agent) by extension 'python'
[0.580s] Level 1:colcon.colcon_core.package_identification:_identify(src/uros/micro-ROS-Agent) by extensions ['python_setup_py']
[0.580s] Level 1:colcon.colcon_core.package_identification:_identify(src/uros/micro-ROS-Agent) by extension 'python_setup_py'
[0.580s] Level 1:colcon.colcon_core.package_identification:_identify(src/uros/micro-ROS-Agent/micro_ros_agent) by extensions ['ignore', 'ignore_ament_install']
[0.580s] Level 1:colcon.colcon_core.package_identification:_identify(src/uros/micro-ROS-Agent/micro_ros_agent) by extension 'ignore'
[0.580s] Level 1:colcon.colcon_core.package_identification:_identify(src/uros/micro-ROS-Agent/micro_ros_agent) by extension 'ignore_ament_install'
[0.580s] Level 1:colcon.colcon_core.package_identification:_identify(src/uros/micro-ROS-Agent/micro_ros_agent) by extensions ['colcon_pkg']
[0.580s] Level 1:colcon.colcon_core.package_identification:_identify(src/uros/micro-ROS-Agent/micro_ros_agent) by extension 'colcon_pkg'
[0.580s] Level 1:colcon.colcon_core.package_identification:_identify(src/uros/micro-ROS-Agent/micro_ros_agent) by extensions ['colcon_meta']
[0.580s] Level 1:colcon.colcon_core.package_identification:_identify(src/uros/micro-ROS-Agent/micro_ros_agent) by extension 'colcon_meta'
[0.581s] Level 1:colcon.colcon_core.package_identification:_identify(src/uros/micro-ROS-Agent/micro_ros_agent) by extensions ['ros']
[0.581s] Level 1:colcon.colcon_core.package_identification:_identify(src/uros/micro-ROS-Agent/micro_ros_agent) by extension 'ros'
[0.582s] DEBUG:colcon.colcon_core.package_identification:Package 'src/uros/micro-ROS-Agent/micro_ros_agent' with type 'ros.ament_cmake' and name 'micro_ros_agent'
[0.583s] Level 1:colcon.colcon_core.package_identification:_identify(src/uros/micro-ROS-Agent/snap) by extensions ['ignore', 'ignore_ament_install']
[0.583s] Level 1:colcon.colcon_core.package_identification:_identify(src/uros/micro-ROS-Agent/snap) by extension 'ignore'
[0.583s] Level 1:colcon.colcon_core.package_identification:_identify(src/uros/micro-ROS-Agent/snap) by extension 'ignore_ament_install'
[0.583s] Level 1:colcon.colcon_core.package_identification:_identify(src/uros/micro-ROS-Agent/snap) by extensions ['colcon_pkg']
[0.583s] Level 1:colcon.colcon_core.package_identification:_identify(src/uros/micro-ROS-Agent/snap) by extension 'colcon_pkg'
[0.583s] Level 1:colcon.colcon_core.package_identification:_identify(src/uros/micro-ROS-Agent/snap) by extensions ['colcon_meta']
[0.583s] Level 1:colcon.colcon_core.package_identification:_identify(src/uros/micro-ROS-Agent/snap) by extension 'colcon_meta'
[0.583s] Level 1:colcon.colcon_core.package_identification:_identify(src/uros/micro-ROS-Agent/snap) by extensions ['ros']
[0.583s] Level 1:colcon.colcon_core.package_identification:_identify(src/uros/micro-ROS-Agent/snap) by extension 'ros'
[0.584s] Level 1:colcon.colcon_core.package_identification:_identify(src/uros/micro-ROS-Agent/snap) by extensions ['cmake', 'python']
[0.584s] Level 1:colcon.colcon_core.package_identification:_identify(src/uros/micro-ROS-Agent/snap) by extension 'cmake'
[0.584s] Level 1:colcon.colcon_core.package_identification:_identify(src/uros/micro-ROS-Agent/snap) by extension 'python'
[0.584s] Level 1:colcon.colcon_core.package_identification:_identify(src/uros/micro-ROS-Agent/snap) by extensions ['python_setup_py']
[0.584s] Level 1:colcon.colcon_core.package_identification:_identify(src/uros/micro-ROS-Agent/snap) by extension 'python_setup_py'
[0.584s] Level 1:colcon.colcon_core.package_identification:_identify(src/uros/micro-ROS-Agent/snap/hooks) by extensions ['ignore', 'ignore_ament_install']
[0.584s] Level 1:colcon.colcon_core.package_identification:_identify(src/uros/micro-ROS-Agent/snap/hooks) by extension 'ignore'
[0.584s] Level 1:colcon.colcon_core.package_identification:_identify(src/uros/micro-ROS-Agent/snap/hooks) by extension 'ignore_ament_install'
[0.584s] Level 1:colcon.colcon_core.package_identification:_identify(src/uros/micro-ROS-Agent/snap/hooks) by extensions ['colcon_pkg']
[0.585s] Level 1:colcon.colcon_core.package_identification:_identify(src/uros/micro-ROS-Agent/snap/hooks) by extension 'colcon_pkg'
[0.585s] Level 1:colcon.colcon_core.package_identification:_identify(src/uros/micro-ROS-Agent/snap/hooks) by extensions ['colcon_meta']
[0.585s] Level 1:colcon.colcon_core.package_identification:_identify(src/uros/micro-ROS-Agent/snap/hooks) by extension 'colcon_meta'
[0.585s] Level 1:colcon.colcon_core.package_identification:_identify(src/uros/micro-ROS-Agent/snap/hooks) by extensions ['ros']
[0.585s] Level 1:colcon.colcon_core.package_identification:_identify(src/uros/micro-ROS-Agent/snap/hooks) by extension 'ros'
[0.585s] Level 1:colcon.colcon_core.package_identification:_identify(src/uros/micro-ROS-Agent/snap/hooks) by extensions ['cmake', 'python']
[0.585s] Level 1:colcon.colcon_core.package_identification:_identify(src/uros/micro-ROS-Agent/snap/hooks) by extension 'cmake'
[0.585s] Level 1:colcon.colcon_core.package_identification:_identify(src/uros/micro-ROS-Agent/snap/hooks) by extension 'python'
[0.585s] Level 1:colcon.colcon_core.package_identification:_identify(src/uros/micro-ROS-Agent/snap/hooks) by extensions ['python_setup_py']
[0.585s] Level 1:colcon.colcon_core.package_identification:_identify(src/uros/micro-ROS-Agent/snap/hooks) by extension 'python_setup_py'
[0.586s] Level 1:colcon.colcon_core.package_identification:_identify(src/uros/micro-ROS-Agent/snap/local) by extensions ['ignore', 'ignore_ament_install']
[0.586s] Level 1:colcon.colcon_core.package_identification:_identify(src/uros/micro-ROS-Agent/snap/local) by extension 'ignore'
[0.586s] Level 1:colcon.colcon_core.package_identification:_identify(src/uros/micro-ROS-Agent/snap/local) by extension 'ignore_ament_install'
[0.586s] Level 1:colcon.colcon_core.package_identification:_identify(src/uros/micro-ROS-Agent/snap/local) by extensions ['colcon_pkg']
[0.586s] Level 1:colcon.colcon_core.package_identification:_identify(src/uros/micro-ROS-Agent/snap/local) by extension 'colcon_pkg'
[0.586s] Level 1:colcon.colcon_core.package_identification:_identify(src/uros/micro-ROS-Agent/snap/local) by extensions ['colcon_meta']
[0.586s] Level 1:colcon.colcon_core.package_identification:_identify(src/uros/micro-ROS-Agent/snap/local) by extension 'colcon_meta'
[0.586s] Level 1:colcon.colcon_core.package_identification:_identify(src/uros/micro-ROS-Agent/snap/local) by extensions ['ros']
[0.586s] Level 1:colcon.colcon_core.package_identification:_identify(src/uros/micro-ROS-Agent/snap/local) by extension 'ros'
[0.587s] Level 1:colcon.colcon_core.package_identification:_identify(src/uros/micro-ROS-Agent/snap/local) by extensions ['cmake', 'python']
[0.587s] Level 1:colcon.colcon_core.package_identification:_identify(src/uros/micro-ROS-Agent/snap/local) by extension 'cmake'
[0.587s] Level 1:colcon.colcon_core.package_identification:_identify(src/uros/micro-ROS-Agent/snap/local) by extension 'python'
[0.587s] Level 1:colcon.colcon_core.package_identification:_identify(src/uros/micro-ROS-Agent/snap/local) by extensions ['python_setup_py']
[0.587s] Level 1:colcon.colcon_core.package_identification:_identify(src/uros/micro-ROS-Agent/snap/local) by extension 'python_setup_py'
[0.587s] Level 1:colcon.colcon_core.package_identification:_identify(src/uros/micro_ros_msgs) by extensions ['ignore', 'ignore_ament_install']
[0.587s] Level 1:colcon.colcon_core.package_identification:_identify(src/uros/micro_ros_msgs) by extension 'ignore'
[0.587s] Level 1:colcon.colcon_core.package_identification:_identify(src/uros/micro_ros_msgs) by extension 'ignore_ament_install'
[0.587s] Level 1:colcon.colcon_core.package_identification:_identify(src/uros/micro_ros_msgs) by extensions ['colcon_pkg']
[0.587s] Level 1:colcon.colcon_core.package_identification:_identify(src/uros/micro_ros_msgs) by extension 'colcon_pkg'
[0.588s] Level 1:colcon.colcon_core.package_identification:_identify(src/uros/micro_ros_msgs) by extensions ['colcon_meta']
[0.588s] Level 1:colcon.colcon_core.package_identification:_identify(src/uros/micro_ros_msgs) by extension 'colcon_meta'
[0.588s] Level 1:colcon.colcon_core.package_identification:_identify(src/uros/micro_ros_msgs) by extensions ['ros']
[0.588s] Level 1:colcon.colcon_core.package_identification:_identify(src/uros/micro_ros_msgs) by extension 'ros'
[0.589s] DEBUG:colcon.colcon_core.package_identification:Package 'src/uros/micro_ros_msgs' with type 'ros.ament_cmake' and name 'micro_ros_msgs'
[0.589s] Level 1:colcon.colcon_core.package_discovery:discover_packages(recursive) using defaults
[0.589s] Level 1:colcon.colcon_core.package_discovery:discover_packages(ignore) discover
[0.589s] Level 1:colcon.colcon_core.package_discovery:discover_packages(ignore) using defaults
[0.589s] Level 1:colcon.colcon_core.package_discovery:discover_packages(path) discover
[0.589s] Level 1:colcon.colcon_core.package_discovery:discover_packages(path) using defaults
[0.627s] INFO:colcon.colcon_core.package_selection:Skipping package 'micro_ros_setup' in 'src/micro_ros_setup'
[0.628s] Level 1:colcon.colcon_core.package_discovery:discover_packages(prefix_path) check parameters
[0.628s] Level 1:colcon.colcon_core.package_discovery:discover_packages(prefix_path) discover
[0.632s] DEBUG:colcon.colcon_installed_package_information.package_discovery:Found 1 installed packages in /home/omarwaleed/Desktop/project/component/Torpedo-ROVER/uros_ws/install
[0.633s] DEBUG:colcon.colcon_installed_package_information.package_discovery:Found 1 installed packages in /home/omarwaleed/turtle_catch_ws/install
[0.633s] DEBUG:colcon.colcon_installed_package_information.package_discovery:Found 4 installed packages in /home/omarwaleed/ros2_ws/install
[0.636s] DEBUG:colcon.colcon_installed_package_information.package_discovery:Found 271 installed packages in /opt/ros/humble
[0.638s] Level 1:colcon.colcon_core.package_discovery:discover_packages(prefix_path) using defaults
[0.729s] Level 5:colcon.colcon_core.verb:set package 'micro_ros_msgs' build argument 'cmake_args' from command line to '['-DUAGENT_BUILD_EXECUTABLE=OFF', '-DUAGENT_P2P_PROFILE=OFF', '--no-warn-unused-cli']'
[0.729s] Level 5:colcon.colcon_core.verb:set package 'micro_ros_msgs' build argument 'cmake_target' from command line to 'None'
[0.730s] Level 5:colcon.colcon_core.verb:set package 'micro_ros_msgs' build argument 'cmake_target_skip_unavailable' from command line to 'False'
[0.730s] Level 5:colcon.colcon_core.verb:set package 'micro_ros_msgs' build argument 'cmake_clean_cache' from command line to 'False'
[0.730s] Level 5:colcon.colcon_core.verb:set package 'micro_ros_msgs' build argument 'cmake_clean_first' from command line to 'False'
[0.730s] Level 5:colcon.colcon_core.verb:set package 'micro_ros_msgs' build argument 'cmake_force_configure' from command line to 'False'
[0.730s] Level 5:colcon.colcon_core.verb:set package 'micro_ros_msgs' build argument 'ament_cmake_args' from command line to 'None'
[0.730s] Level 5:colcon.colcon_core.verb:set package 'micro_ros_msgs' build argument 'catkin_cmake_args' from command line to 'None'
[0.730s] Level 5:colcon.colcon_core.verb:set package 'micro_ros_msgs' build argument 'catkin_skip_building_tests' from command line to 'False'
[0.730s] DEBUG:colcon.colcon_core.verb:Building package 'micro_ros_msgs' with the following arguments: {'ament_cmake_args': None, 'build_base': '/home/omarwaleed/Desktop/project/component/Torpedo-ROVER/uros_ws/build/micro_ros_msgs', 'catkin_cmake_args': None, 'catkin_skip_building_tests': False, 'cmake_args': ['-DUAGENT_BUILD_EXECUTABLE=OFF', '-DUAGENT_P2P_PROFILE=OFF', '--no-warn-unused-cli'], 'cmake_clean_cache': False, 'cmake_clean_first': False, 'cmake_force_configure': False, 'cmake_target': None, 'cmake_target_skip_unavailable': False, 'install_base': '/home/omarwaleed/Desktop/project/component/Torpedo-ROVER/uros_ws/install/micro_ros_msgs', 'merge_install': False, 'path': '/home/omarwaleed/Desktop/project/component/Torpedo-ROVER/uros_ws/src/uros/micro_ros_msgs', 'symlink_install': False, 'test_result_base': None}
[0.731s] Level 5:colcon.colcon_core.verb:set package 'micro_ros_agent' build argument 'cmake_args' from command line to '['-DUAGENT_BUILD_EXECUTABLE=OFF', '-DUAGENT_P2P_PROFILE=OFF', '--no-warn-unused-cli']'
[0.731s] Level 5:colcon.colcon_core.verb:set package 'micro_ros_agent' build argument 'cmake_target' from command line to 'None'
[0.731s] Level 5:colcon.colcon_core.verb:set package 'micro_ros_agent' build argument 'cmake_target_skip_unavailable' from command line to 'False'
[0.731s] Level 5:colcon.colcon_core.verb:set package 'micro_ros_agent' build argument 'cmake_clean_cache' from command line to 'False'
[0.731s] Level 5:colcon.colcon_core.verb:set package 'micro_ros_agent' build argument 'cmake_clean_first' from command line to 'False'
[0.731s] Level 5:colcon.colcon_core.verb:set package 'micro_ros_agent' build argument 'cmake_force_configure' from command line to 'False'
[0.731s] Level 5:colcon.colcon_core.verb:set package 'micro_ros_agent' build argument 'ament_cmake_args' from command line to 'None'
[0.731s] Level 5:colcon.colcon_core.verb:set package 'micro_ros_agent' build argument 'catkin_cmake_args' from command line to 'None'
[0.731s] Level 5:colcon.colcon_core.verb:set package 'micro_ros_agent' build argument 'catkin_skip_building_tests' from command line to 'False'
[0.731s] DEBUG:colcon.colcon_core.verb:Building package 'micro_ros_agent' with the following arguments: {'ament_cmake_args': None, 'build_base': '/home/omarwaleed/Desktop/project/component/Torpedo-ROVER/uros_ws/build/micro_ros_agent', 'catkin_cmake_args': None, 'catkin_skip_building_tests': False, 'cmake_args': ['-DUAGENT_BUILD_EXECUTABLE=OFF', '-DUAGENT_P2P_PROFILE=OFF', '--no-warn-unused-cli'], 'cmake_clean_cache': False, 'cmake_clean_first': False, 'cmake_force_configure': False, 'cmake_target': None, 'cmake_target_skip_unavailable': False, 'install_base': '/home/omarwaleed/Desktop/project/component/Torpedo-ROVER/uros_ws/install/micro_ros_agent', 'merge_install': False, 'path': '/home/omarwaleed/Desktop/project/component/Torpedo-ROVER/uros_ws/src/uros/micro-ROS-Agent/micro_ros_agent', 'symlink_install': False, 'test_result_base': None}
[0.731s] INFO:colcon.colcon_core.executor:Executing jobs using 'parallel' executor
[0.733s] DEBUG:colcon.colcon_parallel_executor.executor.parallel:run_until_complete
[0.734s] INFO:colcon.colcon_ros.task.ament_cmake.build:Building ROS package in '/home/omarwaleed/Desktop/project/component/Torpedo-ROVER/uros_ws/src/uros/micro_ros_msgs' with build type 'ament_cmake'
[0.734s] INFO:colcon.colcon_cmake.task.cmake.build:Building CMake package in '/home/omarwaleed/Desktop/project/component/Torpedo-ROVER/uros_ws/src/uros/micro_ros_msgs'
[0.738s] INFO:colcon.colcon_core.plugin_system:Skipping extension 'colcon_core.shell.bat': Not used on non-Windows systems
[0.739s] INFO:colcon.colcon_core.shell:Skip shell extension 'powershell' for command environment: Not usable outside of PowerShell
[0.739s] DEBUG:colcon.colcon_core.shell:Skip shell extension 'dsv' for command environment
[0.756s] DEBUG:colcon.colcon_core.event_handler.log_command:Invoking command in '/home/omarwaleed/Desktop/project/component/Torpedo-ROVER/uros_ws/build/micro_ros_msgs': CMAKE_PREFIX_PATH=${CMAKE_PREFIX_PATH}:/home/omarwaleed/turtle_catch_ws/install/turtle_catch:/home/omarwaleed/ros2_ws/install/ultrasonic_subscriber:/home/omarwaleed/ros2_ws/install/ultrasonic_sim:/home/omarwaleed/ros2_ws/install/ultrasonic_publisher:/home/omarwaleed/ros2_ws/install/my_robot_controller:/opt/ros/humble /usr/bin/cmake /home/omarwaleed/Desktop/project/component/Torpedo-ROVER/uros_ws/src/uros/micro_ros_msgs -DUAGENT_BUILD_EXECUTABLE=OFF -DUAGENT_P2P_PROFILE=OFF --no-warn-unused-cli -DCMAKE_INSTALL_PREFIX=/home/omarwaleed/Desktop/project/component/Torpedo-ROVER/uros_ws/install/micro_ros_msgs
[4.876s] DEBUG:colcon.colcon_core.event_handler.log_command:Invoked command in '/home/omarwaleed/Desktop/project/component/Torpedo-ROVER/uros_ws/build/micro_ros_msgs' returned '0': CMAKE_PREFIX_PATH=${CMAKE_PREFIX_PATH}:/home/omarwaleed/turtle_catch_ws/install/turtle_catch:/home/omarwaleed/ros2_ws/install/ultrasonic_subscriber:/home/omarwaleed/ros2_ws/install/ultrasonic_sim:/home/omarwaleed/ros2_ws/install/ultrasonic_publisher:/home/omarwaleed/ros2_ws/install/my_robot_controller:/opt/ros/humble /usr/bin/cmake /home/omarwaleed/Desktop/project/component/Torpedo-ROVER/uros_ws/src/uros/micro_ros_msgs -DUAGENT_BUILD_EXECUTABLE=OFF -DUAGENT_P2P_PROFILE=OFF --no-warn-unused-cli -DCMAKE_INSTALL_PREFIX=/home/omarwaleed/Desktop/project/component/Torpedo-ROVER/uros_ws/install/micro_ros_msgs
[4.879s] DEBUG:colcon.colcon_core.event_handler.log_command:Invoking command in '/home/omarwaleed/Desktop/project/component/Torpedo-ROVER/uros_ws/build/micro_ros_msgs': CMAKE_PREFIX_PATH=${CMAKE_PREFIX_PATH}:/home/omarwaleed/turtle_catch_ws/install/turtle_catch:/home/omarwaleed/ros2_ws/install/ultrasonic_subscriber:/home/omarwaleed/ros2_ws/install/ultrasonic_sim:/home/omarwaleed/ros2_ws/install/ultrasonic_publisher:/home/omarwaleed/ros2_ws/install/my_robot_controller:/opt/ros/humble /usr/bin/cmake --build /home/omarwaleed/Desktop/project/component/Torpedo-ROVER/uros_ws/build/micro_ros_msgs -- -j8 -l8
[12.666s] DEBUG:colcon.colcon_core.event_handler.log_command:Invoked command in '/home/omarwaleed/Desktop/project/component/Torpedo-ROVER/uros_ws/build/micro_ros_msgs' returned '0': CMAKE_PREFIX_PATH=${CMAKE_PREFIX_PATH}:/home/omarwaleed/turtle_catch_ws/install/turtle_catch:/home/omarwaleed/ros2_ws/install/ultrasonic_subscriber:/home/omarwaleed/ros2_ws/install/ultrasonic_sim:/home/omarwaleed/ros2_ws/install/ultrasonic_publisher:/home/omarwaleed/ros2_ws/install/my_robot_controller:/opt/ros/humble /usr/bin/cmake --build /home/omarwaleed/Desktop/project/component/Torpedo-ROVER/uros_ws/build/micro_ros_msgs -- -j8 -l8
[12.877s] DEBUG:colcon.colcon_core.event_handler.log_command:Invoking command in '/home/omarwaleed/Desktop/project/component/Torpedo-ROVER/uros_ws/build/micro_ros_msgs': CMAKE_PREFIX_PATH=${CMAKE_PREFIX_PATH}:/home/omarwaleed/turtle_catch_ws/install/turtle_catch:/home/omarwaleed/ros2_ws/install/ultrasonic_subscriber:/home/omarwaleed/ros2_ws/install/ultrasonic_sim:/home/omarwaleed/ros2_ws/install/ultrasonic_publisher:/home/omarwaleed/ros2_ws/install/my_robot_controller:/opt/ros/humble /usr/bin/cmake --install /home/omarwaleed/Desktop/project/component/Torpedo-ROVER/uros_ws/build/micro_ros_msgs
[13.022s] Level 1:colcon.colcon_core.environment:create_environment_scripts_only(micro_ros_msgs)
[13.024s] DEBUG:colcon.colcon_core.event_handler.log_command:Invoked command in '/home/omarwaleed/Desktop/project/component/Torpedo-ROVER/uros_ws/build/micro_ros_msgs' returned '0': CMAKE_PREFIX_PATH=${CMAKE_PREFIX_PATH}:/home/omarwaleed/turtle_catch_ws/install/turtle_catch:/home/omarwaleed/ros2_ws/install/ultrasonic_subscriber:/home/omarwaleed/ros2_ws/install/ultrasonic_sim:/home/omarwaleed/ros2_ws/install/ultrasonic_publisher:/home/omarwaleed/ros2_ws/install/my_robot_controller:/opt/ros/humble /usr/bin/cmake --install /home/omarwaleed/Desktop/project/component/Torpedo-ROVER/uros_ws/build/micro_ros_msgs
[13.028s] Level 1:colcon.colcon_core.environment:checking '/home/omarwaleed/Desktop/project/component/Torpedo-ROVER/uros_ws/install/micro_ros_msgs' for CMake module files
[13.029s] Level 1:colcon.colcon_core.environment:checking '/home/omarwaleed/Desktop/project/component/Torpedo-ROVER/uros_ws/install/micro_ros_msgs' for CMake config files
[13.030s] Level 1:colcon.colcon_core.shell:create_environment_hook('micro_ros_msgs', 'cmake_prefix_path')
[13.030s] INFO:colcon.colcon_core.shell:Creating environment hook '/home/omarwaleed/Desktop/project/component/Torpedo-ROVER/uros_ws/install/micro_ros_msgs/share/micro_ros_msgs/hook/cmake_prefix_path.ps1'
[13.031s] INFO:colcon.colcon_core.shell:Creating environment descriptor '/home/omarwaleed/Desktop/project/component/Torpedo-ROVER/uros_ws/install/micro_ros_msgs/share/micro_ros_msgs/hook/cmake_prefix_path.dsv'
[13.032s] INFO:colcon.colcon_core.shell:Creating environment hook '/home/omarwaleed/Desktop/project/component/Torpedo-ROVER/uros_ws/install/micro_ros_msgs/share/micro_ros_msgs/hook/cmake_prefix_path.sh'
[13.033s] Level 1:colcon.colcon_core.environment:checking '/home/omarwaleed/Desktop/project/component/Torpedo-ROVER/uros_ws/install/micro_ros_msgs/lib'
[13.034s] Level 1:colcon.colcon_core.shell:create_environment_hook('micro_ros_msgs', 'ld_library_path_lib')
[13.034s] INFO:colcon.colcon_core.shell:Creating environment hook '/home/omarwaleed/Desktop/project/component/Torpedo-ROVER/uros_ws/install/micro_ros_msgs/share/micro_ros_msgs/hook/ld_library_path_lib.ps1'
[13.035s] INFO:colcon.colcon_core.shell:Creating environment descriptor '/home/omarwaleed/Desktop/project/component/Torpedo-ROVER/uros_ws/install/micro_ros_msgs/share/micro_ros_msgs/hook/ld_library_path_lib.dsv'
[13.035s] INFO:colcon.colcon_core.shell:Creating environment hook '/home/omarwaleed/Desktop/project/component/Torpedo-ROVER/uros_ws/install/micro_ros_msgs/share/micro_ros_msgs/hook/ld_library_path_lib.sh'
[13.036s] Level 1:colcon.colcon_core.environment:checking '/home/omarwaleed/Desktop/project/component/Torpedo-ROVER/uros_ws/install/micro_ros_msgs/bin'
[13.036s] Level 1:colcon.colcon_core.environment:checking '/home/omarwaleed/Desktop/project/component/Torpedo-ROVER/uros_ws/install/micro_ros_msgs/lib/pkgconfig/micro_ros_msgs.pc'
[13.036s] Level 1:colcon.colcon_core.environment:checking '/home/omarwaleed/Desktop/project/component/Torpedo-ROVER/uros_ws/install/micro_ros_msgs/lib/python3.10/site-packages'
[13.037s] Level 1:colcon.colcon_core.environment:checking '/home/omarwaleed/Desktop/project/component/Torpedo-ROVER/uros_ws/install/micro_ros_msgs/bin'
[13.037s] INFO:colcon.colcon_core.shell:Creating package script '/home/omarwaleed/Desktop/project/component/Torpedo-ROVER/uros_ws/install/micro_ros_msgs/share/micro_ros_msgs/package.ps1'
[13.039s] INFO:colcon.colcon_core.shell:Creating package descriptor '/home/omarwaleed/Desktop/project/component/Torpedo-ROVER/uros_ws/install/micro_ros_msgs/share/micro_ros_msgs/package.dsv'
[13.040s] INFO:colcon.colcon_core.shell:Creating package script '/home/omarwaleed/Desktop/project/component/Torpedo-ROVER/uros_ws/install/micro_ros_msgs/share/micro_ros_msgs/package.sh'
[13.041s] INFO:colcon.colcon_core.shell:Creating package script '/home/omarwaleed/Desktop/project/component/Torpedo-ROVER/uros_ws/install/micro_ros_msgs/share/micro_ros_msgs/package.bash'
[13.042s] INFO:colcon.colcon_core.shell:Creating package script '/home/omarwaleed/Desktop/project/component/Torpedo-ROVER/uros_ws/install/micro_ros_msgs/share/micro_ros_msgs/package.zsh'
[13.043s] Level 1:colcon.colcon_core.environment:create_file_with_runtime_dependencies(/home/omarwaleed/Desktop/project/component/Torpedo-ROVER/uros_ws/install/micro_ros_msgs/share/colcon-core/packages/micro_ros_msgs)
[13.226s] Level 1:colcon.colcon_core.environment:create_environment_scripts_only(micro_ros_msgs)
[13.226s] Level 1:colcon.colcon_core.environment:checking '/home/omarwaleed/Desktop/project/component/Torpedo-ROVER/uros_ws/install/micro_ros_msgs' for CMake module files
[13.227s] Level 1:colcon.colcon_core.environment:checking '/home/omarwaleed/Desktop/project/component/Torpedo-ROVER/uros_ws/install/micro_ros_msgs' for CMake config files
[13.228s] Level 1:colcon.colcon_core.shell:create_environment_hook('micro_ros_msgs', 'cmake_prefix_path')
[13.229s] INFO:colcon.colcon_core.shell:Creating environment hook '/home/omarwaleed/Desktop/project/component/Torpedo-ROVER/uros_ws/install/micro_ros_msgs/share/micro_ros_msgs/hook/cmake_prefix_path.ps1'
[13.229s] INFO:colcon.colcon_core.shell:Creating environment descriptor '/home/omarwaleed/Desktop/project/component/Torpedo-ROVER/uros_ws/install/micro_ros_msgs/share/micro_ros_msgs/hook/cmake_prefix_path.dsv'
[13.230s] INFO:colcon.colcon_core.shell:Creating environment hook '/home/omarwaleed/Desktop/project/component/Torpedo-ROVER/uros_ws/install/micro_ros_msgs/share/micro_ros_msgs/hook/cmake_prefix_path.sh'
[13.231s] Level 1:colcon.colcon_core.environment:checking '/home/omarwaleed/Desktop/project/component/Torpedo-ROVER/uros_ws/install/micro_ros_msgs/lib'
[13.231s] Level 1:colcon.colcon_core.shell:create_environment_hook('micro_ros_msgs', 'ld_library_path_lib')
[13.231s] INFO:colcon.colcon_core.shell:Creating environment hook '/home/omarwaleed/Desktop/project/component/Torpedo-ROVER/uros_ws/install/micro_ros_msgs/share/micro_ros_msgs/hook/ld_library_path_lib.ps1'
[13.232s] INFO:colcon.colcon_core.shell:Creating environment descriptor '/home/omarwaleed/Desktop/project/component/Torpedo-ROVER/uros_ws/install/micro_ros_msgs/share/micro_ros_msgs/hook/ld_library_path_lib.dsv'
[13.232s] INFO:colcon.colcon_core.shell:Creating environment hook '/home/omarwaleed/Desktop/project/component/Torpedo-ROVER/uros_ws/install/micro_ros_msgs/share/micro_ros_msgs/hook/ld_library_path_lib.sh'
[13.233s] Level 1:colcon.colcon_core.environment:checking '/home/omarwaleed/Desktop/project/component/Torpedo-ROVER/uros_ws/install/micro_ros_msgs/bin'
[13.233s] Level 1:colcon.colcon_core.environment:checking '/home/omarwaleed/Desktop/project/component/Torpedo-ROVER/uros_ws/install/micro_ros_msgs/lib/pkgconfig/micro_ros_msgs.pc'
[13.234s] Level 1:colcon.colcon_core.environment:checking '/home/omarwaleed/Desktop/project/component/Torpedo-ROVER/uros_ws/install/micro_ros_msgs/lib/python3.10/site-packages'
[13.234s] Level 1:colcon.colcon_core.environment:checking '/home/omarwaleed/Desktop/project/component/Torpedo-ROVER/uros_ws/install/micro_ros_msgs/bin'
[13.235s] INFO:colcon.colcon_core.shell:Creating package script '/home/omarwaleed/Desktop/project/component/Torpedo-ROVER/uros_ws/install/micro_ros_msgs/share/micro_ros_msgs/package.ps1'
[13.235s] INFO:colcon.colcon_core.shell:Creating package descriptor '/home/omarwaleed/Desktop/project/component/Torpedo-ROVER/uros_ws/install/micro_ros_msgs/share/micro_ros_msgs/package.dsv'
[13.236s] INFO:colcon.colcon_core.shell:Creating package script '/home/omarwaleed/Desktop/project/component/Torpedo-ROVER/uros_ws/install/micro_ros_msgs/share/micro_ros_msgs/package.sh'
[13.237s] INFO:colcon.colcon_core.shell:Creating package script '/home/omarwaleed/Desktop/project/component/Torpedo-ROVER/uros_ws/install/micro_ros_msgs/share/micro_ros_msgs/package.bash'
[13.238s] INFO:colcon.colcon_core.shell:Creating package script '/home/omarwaleed/Desktop/project/component/Torpedo-ROVER/uros_ws/install/micro_ros_msgs/share/micro_ros_msgs/package.zsh'
[13.238s] Level 1:colcon.colcon_core.environment:create_file_with_runtime_dependencies(/home/omarwaleed/Desktop/project/component/Torpedo-ROVER/uros_ws/install/micro_ros_msgs/share/colcon-core/packages/micro_ros_msgs)
[13.239s] INFO:colcon.colcon_ros.task.ament_cmake.build:Building ROS package in '/home/omarwaleed/Desktop/project/component/Torpedo-ROVER/uros_ws/src/uros/micro-ROS-Agent/micro_ros_agent' with build type 'ament_cmake'
[13.239s] INFO:colcon.colcon_cmake.task.cmake.build:Building CMake package in '/home/omarwaleed/Desktop/project/component/Torpedo-ROVER/uros_ws/src/uros/micro-ROS-Agent/micro_ros_agent'
[13.239s] INFO:colcon.colcon_core.shell:Skip shell extension 'powershell' for command environment: Not usable outside of PowerShell
[13.240s] DEBUG:colcon.colcon_core.shell:Skip shell extension 'dsv' for command environment
[13.259s] DEBUG:colcon.colcon_core.event_handler.log_command:Invoking command in '/home/omarwaleed/Desktop/project/component/Torpedo-ROVER/uros_ws/build/micro_ros_agent': AMENT_PREFIX_PATH=/home/omarwaleed/Desktop/project/component/Torpedo-ROVER/uros_ws/install/micro_ros_msgs:${AMENT_PREFIX_PATH} CMAKE_PREFIX_PATH=/home/omarwaleed/Desktop/project/component/Torpedo-ROVER/uros_ws/install/micro_ros_msgs:/home/omarwaleed/Desktop/project/component/Torpedo-ROVER/uros_ws/install/micro_ros_setup:/home/omarwaleed/turtle_catch_ws/install/turtle_catch:/home/omarwaleed/ros2_ws/install/ultrasonic_subscriber:/home/omarwaleed/ros2_ws/install/ultrasonic_sim:/home/omarwaleed/ros2_ws/install/ultrasonic_publisher:/home/omarwaleed/ros2_ws/install/my_robot_controller:/opt/ros/humble LD_LIBRARY_PATH=/home/omarwaleed/Desktop/project/component/Torpedo-ROVER/uros_ws/install/micro_ros_msgs/lib:${LD_LIBRARY_PATH} PYTHONPATH=/home/omarwaleed/Desktop/project/component/Torpedo-ROVER/uros_ws/install/micro_ros_msgs/local/lib/python3.10/dist-packages:${PYTHONPATH} /usr/bin/cmake /home/omarwaleed/Desktop/project/component/Torpedo-ROVER/uros_ws/src/uros/micro-ROS-Agent/micro_ros_agent -DUAGENT_BUILD_EXECUTABLE=OFF -DUAGENT_P2P_PROFILE=OFF --no-warn-unused-cli -DCMAKE_INSTALL_PREFIX=/home/omarwaleed/Desktop/project/component/Torpedo-ROVER/uros_ws/install/micro_ros_agent
[13.946s] DEBUG:colcon.colcon_core.event_handler.log_command:Invoked command in '/home/omarwaleed/Desktop/project/component/Torpedo-ROVER/uros_ws/build/micro_ros_agent' returned '0': AMENT_PREFIX_PATH=/home/omarwaleed/Desktop/project/component/Torpedo-ROVER/uros_ws/install/micro_ros_msgs:${AMENT_PREFIX_PATH} CMAKE_PREFIX_PATH=/home/omarwaleed/Desktop/project/component/Torpedo-ROVER/uros_ws/install/micro_ros_msgs:/home/omarwaleed/Desktop/project/component/Torpedo-ROVER/uros_ws/install/micro_ros_setup:/home/omarwaleed/turtle_catch_ws/install/turtle_catch:/home/omarwaleed/ros2_ws/install/ultrasonic_subscriber:/home/omarwaleed/ros2_ws/install/ultrasonic_sim:/home/omarwaleed/ros2_ws/install/ultrasonic_publisher:/home/omarwaleed/ros2_ws/install/my_robot_controller:/opt/ros/humble LD_LIBRARY_PATH=/home/omarwaleed/Desktop/project/component/Torpedo-ROVER/uros_ws/install/micro_ros_msgs/lib:${LD_LIBRARY_PATH} PYTHONPATH=/home/omarwaleed/Desktop/project/component/Torpedo-ROVER/uros_ws/install/micro_ros_msgs/local/lib/python3.10/dist-packages:${PYTHONPATH} /usr/bin/cmake /home/omarwaleed/Desktop/project/component/Torpedo-ROVER/uros_ws/src/uros/micro-ROS-Agent/micro_ros_agent -DUAGENT_BUILD_EXECUTABLE=OFF -DUAGENT_P2P_PROFILE=OFF --no-warn-unused-cli -DCMAKE_INSTALL_PREFIX=/home/omarwaleed/Desktop/project/component/Torpedo-ROVER/uros_ws/install/micro_ros_agent
[13.949s] DEBUG:colcon.colcon_core.event_handler.log_command:Invoking command in '/home/omarwaleed/Desktop/project/component/Torpedo-ROVER/uros_ws/build/micro_ros_agent': AMENT_PREFIX_PATH=/home/omarwaleed/Desktop/project/component/Torpedo-ROVER/uros_ws/install/micro_ros_msgs:${AMENT_PREFIX_PATH} CMAKE_PREFIX_PATH=/home/omarwaleed/Desktop/project/component/Torpedo-ROVER/uros_ws/install/micro_ros_msgs:/home/omarwaleed/Desktop/project/component/Torpedo-ROVER/uros_ws/install/micro_ros_setup:/home/omarwaleed/turtle_catch_ws/install/turtle_catch:/home/omarwaleed/ros2_ws/install/ultrasonic_subscriber:/home/omarwaleed/ros2_ws/install/ultrasonic_sim:/home/omarwaleed/ros2_ws/install/ultrasonic_publisher:/home/omarwaleed/ros2_ws/install/my_robot_controller:/opt/ros/humble LD_LIBRARY_PATH=/home/omarwaleed/Desktop/project/component/Torpedo-ROVER/uros_ws/install/micro_ros_msgs/lib:${LD_LIBRARY_PATH} PYTHONPATH=/home/omarwaleed/Desktop/project/component/Torpedo-ROVER/uros_ws/install/micro_ros_msgs/local/lib/python3.10/dist-packages:${PYTHONPATH} /usr/bin/cmake --build /home/omarwaleed/Desktop/project/component/Torpedo-ROVER/uros_ws/build/micro_ros_agent -- -j8 -l8
[208.077s] DEBUG:colcon.colcon_core.event_handler.log_command:Invoked command in '/home/omarwaleed/Desktop/project/component/Torpedo-ROVER/uros_ws/build/micro_ros_agent' returned '0': AMENT_PREFIX_PATH=/home/omarwaleed/Desktop/project/component/Torpedo-ROVER/uros_ws/install/micro_ros_msgs:${AMENT_PREFIX_PATH} CMAKE_PREFIX_PATH=/home/omarwaleed/Desktop/project/component/Torpedo-ROVER/uros_ws/install/micro_ros_msgs:/home/omarwaleed/Desktop/project/component/Torpedo-ROVER/uros_ws/install/micro_ros_setup:/home/omarwaleed/turtle_catch_ws/install/turtle_catch:/home/omarwaleed/ros2_ws/install/ultrasonic_subscriber:/home/omarwaleed/ros2_ws/install/ultrasonic_sim:/home/omarwaleed/ros2_ws/install/ultrasonic_publisher:/home/omarwaleed/ros2_ws/install/my_robot_controller:/opt/ros/humble LD_LIBRARY_PATH=/home/omarwaleed/Desktop/project/component/Torpedo-ROVER/uros_ws/install/micro_ros_msgs/lib:${LD_LIBRARY_PATH} PYTHONPATH=/home/omarwaleed/Desktop/project/component/Torpedo-ROVER/uros_ws/install/micro_ros_msgs/local/lib/python3.10/dist-packages:${PYTHONPATH} /usr/bin/cmake --build /home/omarwaleed/Desktop/project/component/Torpedo-ROVER/uros_ws/build/micro_ros_agent -- -j8 -l8
[208.142s] DEBUG:colcon.colcon_core.event_handler.log_command:Invoking command in '/home/omarwaleed/Desktop/project/component/Torpedo-ROVER/uros_ws/build/micro_ros_agent': AMENT_PREFIX_PATH=/home/omarwaleed/Desktop/project/component/Torpedo-ROVER/uros_ws/install/micro_ros_msgs:${AMENT_PREFIX_PATH} CMAKE_PREFIX_PATH=/home/omarwaleed/Desktop/project/component/Torpedo-ROVER/uros_ws/install/micro_ros_msgs:/home/omarwaleed/Desktop/project/component/Torpedo-ROVER/uros_ws/install/micro_ros_setup:/home/omarwaleed/turtle_catch_ws/install/turtle_catch:/home/omarwaleed/ros2_ws/install/ultrasonic_subscriber:/home/omarwaleed/ros2_ws/install/ultrasonic_sim:/home/omarwaleed/ros2_ws/install/ultrasonic_publisher:/home/omarwaleed/ros2_ws/install/my_robot_controller:/opt/ros/humble LD_LIBRARY_PATH=/home/omarwaleed/Desktop/project/component/Torpedo-ROVER/uros_ws/install/micro_ros_msgs/lib:${LD_LIBRARY_PATH} PYTHONPATH=/home/omarwaleed/Desktop/project/component/Torpedo-ROVER/uros_ws/install/micro_ros_msgs/local/lib/python3.10/dist-packages:${PYTHONPATH} /usr/bin/cmake --install /home/omarwaleed/Desktop/project/component/Torpedo-ROVER/uros_ws/build/micro_ros_agent
[208.166s] Level 1:colcon.colcon_core.environment:create_environment_scripts_only(micro_ros_agent)
[208.167s] Level 1:colcon.colcon_core.environment:checking '/home/omarwaleed/Desktop/project/component/Torpedo-ROVER/uros_ws/install/micro_ros_agent' for CMake module files
[208.168s] DEBUG:colcon.colcon_core.event_handler.log_command:Invoked command in '/home/omarwaleed/Desktop/project/component/Torpedo-ROVER/uros_ws/build/micro_ros_agent' returned '0': AMENT_PREFIX_PATH=/home/omarwaleed/Desktop/project/component/Torpedo-ROVER/uros_ws/install/micro_ros_msgs:${AMENT_PREFIX_PATH} CMAKE_PREFIX_PATH=/home/omarwaleed/Desktop/project/component/Torpedo-ROVER/uros_ws/install/micro_ros_msgs:/home/omarwaleed/Desktop/project/component/Torpedo-ROVER/uros_ws/install/micro_ros_setup:/home/omarwaleed/turtle_catch_ws/install/turtle_catch:/home/omarwaleed/ros2_ws/install/ultrasonic_subscriber:/home/omarwaleed/ros2_ws/install/ultrasonic_sim:/home/omarwaleed/ros2_ws/install/ultrasonic_publisher:/home/omarwaleed/ros2_ws/install/my_robot_controller:/opt/ros/humble LD_LIBRARY_PATH=/home/omarwaleed/Desktop/project/component/Torpedo-ROVER/uros_ws/install/micro_ros_msgs/lib:${LD_LIBRARY_PATH} PYTHONPATH=/home/omarwaleed/Desktop/project/component/Torpedo-ROVER/uros_ws/install/micro_ros_msgs/local/lib/python3.10/dist-packages:${PYTHONPATH} /usr/bin/cmake --install /home/omarwaleed/Desktop/project/component/Torpedo-ROVER/uros_ws/build/micro_ros_agent
[208.169s] Level 1:colcon.colcon_core.environment:checking '/home/omarwaleed/Desktop/project/component/Torpedo-ROVER/uros_ws/install/micro_ros_agent' for CMake config files
[208.172s] Level 1:colcon.colcon_core.shell:create_environment_hook('micro_ros_agent', 'cmake_prefix_path')
[208.172s] INFO:colcon.colcon_core.shell:Creating environment hook '/home/omarwaleed/Desktop/project/component/Torpedo-ROVER/uros_ws/install/micro_ros_agent/share/micro_ros_agent/hook/cmake_prefix_path.ps1'
[208.191s] INFO:colcon.colcon_core.shell:Creating environment descriptor '/home/omarwaleed/Desktop/project/component/Torpedo-ROVER/uros_ws/install/micro_ros_agent/share/micro_ros_agent/hook/cmake_prefix_path.dsv'
[208.211s] INFO:colcon.colcon_core.shell:Creating environment hook '/home/omarwaleed/Desktop/project/component/Torpedo-ROVER/uros_ws/install/micro_ros_agent/share/micro_ros_agent/hook/cmake_prefix_path.sh'
[208.212s] Level 1:colcon.colcon_core.environment:checking '/home/omarwaleed/Desktop/project/component/Torpedo-ROVER/uros_ws/install/micro_ros_agent/lib'
[208.213s] Level 1:colcon.colcon_core.shell:create_environment_hook('micro_ros_agent', 'ld_library_path_lib')
[208.213s] INFO:colcon.colcon_core.shell:Creating environment hook '/home/omarwaleed/Desktop/project/component/Torpedo-ROVER/uros_ws/install/micro_ros_agent/share/micro_ros_agent/hook/ld_library_path_lib.ps1'
[208.214s] INFO:colcon.colcon_core.shell:Creating environment descriptor '/home/omarwaleed/Desktop/project/component/Torpedo-ROVER/uros_ws/install/micro_ros_agent/share/micro_ros_agent/hook/ld_library_path_lib.dsv'
[208.215s] INFO:colcon.colcon_core.shell:Creating environment hook '/home/omarwaleed/Desktop/project/component/Torpedo-ROVER/uros_ws/install/micro_ros_agent/share/micro_ros_agent/hook/ld_library_path_lib.sh'
[208.215s] Level 1:colcon.colcon_core.environment:checking '/home/omarwaleed/Desktop/project/component/Torpedo-ROVER/uros_ws/install/micro_ros_agent/bin'
[208.215s] Level 1:colcon.colcon_core.environment:checking '/home/omarwaleed/Desktop/project/component/Torpedo-ROVER/uros_ws/install/micro_ros_agent/lib/pkgconfig/micro_ros_agent.pc'
[208.216s] Level 1:colcon.colcon_core.environment:checking '/home/omarwaleed/Desktop/project/component/Torpedo-ROVER/uros_ws/install/micro_ros_agent/lib/python3.10/site-packages'
[208.216s] Level 1:colcon.colcon_core.environment:checking '/home/omarwaleed/Desktop/project/component/Torpedo-ROVER/uros_ws/install/micro_ros_agent/bin'
[208.217s] INFO:colcon.colcon_core.shell:Creating package script '/home/omarwaleed/Desktop/project/component/Torpedo-ROVER/uros_ws/install/micro_ros_agent/share/micro_ros_agent/package.ps1'
[208.218s] INFO:colcon.colcon_core.shell:Creating package descriptor '/home/omarwaleed/Desktop/project/component/Torpedo-ROVER/uros_ws/install/micro_ros_agent/share/micro_ros_agent/package.dsv'
[208.219s] INFO:colcon.colcon_core.shell:Creating package script '/home/omarwaleed/Desktop/project/component/Torpedo-ROVER/uros_ws/install/micro_ros_agent/share/micro_ros_agent/package.sh'
[208.219s] INFO:colcon.colcon_core.shell:Creating package script '/home/omarwaleed/Desktop/project/component/Torpedo-ROVER/uros_ws/install/micro_ros_agent/share/micro_ros_agent/package.bash'
[208.220s] INFO:colcon.colcon_core.shell:Creating package script '/home/omarwaleed/Desktop/project/component/Torpedo-ROVER/uros_ws/install/micro_ros_agent/share/micro_ros_agent/package.zsh'
[208.221s] Level 1:colcon.colcon_core.environment:create_file_with_runtime_dependencies(/home/omarwaleed/Desktop/project/component/Torpedo-ROVER/uros_ws/install/micro_ros_agent/share/colcon-core/packages/micro_ros_agent)
[208.284s] Level 1:colcon.colcon_core.environment:create_environment_scripts_only(micro_ros_agent)
[208.284s] Level 1:colcon.colcon_core.environment:checking '/home/omarwaleed/Desktop/project/component/Torpedo-ROVER/uros_ws/install/micro_ros_agent' for CMake module files
[208.285s] Level 1:colcon.colcon_core.environment:checking '/home/omarwaleed/Desktop/project/component/Torpedo-ROVER/uros_ws/install/micro_ros_agent' for CMake config files
[208.287s] Level 1:colcon.colcon_core.shell:create_environment_hook('micro_ros_agent', 'cmake_prefix_path')
[208.287s] INFO:colcon.colcon_core.shell:Creating environment hook '/home/omarwaleed/Desktop/project/component/Torpedo-ROVER/uros_ws/install/micro_ros_agent/share/micro_ros_agent/hook/cmake_prefix_path.ps1'
[208.288s] INFO:colcon.colcon_core.shell:Creating environment descriptor '/home/omarwaleed/Desktop/project/component/Torpedo-ROVER/uros_ws/install/micro_ros_agent/share/micro_ros_agent/hook/cmake_prefix_path.dsv'
[208.289s] INFO:colcon.colcon_core.shell:Creating environment hook '/home/omarwaleed/Desktop/project/component/Torpedo-ROVER/uros_ws/install/micro_ros_agent/share/micro_ros_agent/hook/cmake_prefix_path.sh'
[208.290s] Level 1:colcon.colcon_core.environment:checking '/home/omarwaleed/Desktop/project/component/Torpedo-ROVER/uros_ws/install/micro_ros_agent/lib'
[208.290s] Level 1:colcon.colcon_core.shell:create_environment_hook('micro_ros_agent', 'ld_library_path_lib')
[208.290s] INFO:colcon.colcon_core.shell:Creating environment hook '/home/omarwaleed/Desktop/project/component/Torpedo-ROVER/uros_ws/install/micro_ros_agent/share/micro_ros_agent/hook/ld_library_path_lib.ps1'
[208.291s] INFO:colcon.colcon_core.shell:Creating environment descriptor '/home/omarwaleed/Desktop/project/component/Torpedo-ROVER/uros_ws/install/micro_ros_agent/share/micro_ros_agent/hook/ld_library_path_lib.dsv'
[208.291s] INFO:colcon.colcon_core.shell:Creating environment hook '/home/omarwaleed/Desktop/project/component/Torpedo-ROVER/uros_ws/install/micro_ros_agent/share/micro_ros_agent/hook/ld_library_path_lib.sh'
[208.292s] Level 1:colcon.colcon_core.environment:checking '/home/omarwaleed/Desktop/project/component/Torpedo-ROVER/uros_ws/install/micro_ros_agent/bin'
[208.292s] Level 1:colcon.colcon_core.environment:checking '/home/omarwaleed/Desktop/project/component/Torpedo-ROVER/uros_ws/install/micro_ros_agent/lib/pkgconfig/micro_ros_agent.pc'
[208.293s] Level 1:colcon.colcon_core.environment:checking '/home/omarwaleed/Desktop/project/component/Torpedo-ROVER/uros_ws/install/micro_ros_agent/lib/python3.10/site-packages'
[208.293s] Level 1:colcon.colcon_core.environment:checking '/home/omarwaleed/Desktop/project/component/Torpedo-ROVER/uros_ws/install/micro_ros_agent/bin'
[208.294s] INFO:colcon.colcon_core.shell:Creating package script '/home/omarwaleed/Desktop/project/component/Torpedo-ROVER/uros_ws/install/micro_ros_agent/share/micro_ros_agent/package.ps1'
[208.294s] INFO:colcon.colcon_core.shell:Creating package descriptor '/home/omarwaleed/Desktop/project/component/Torpedo-ROVER/uros_ws/install/micro_ros_agent/share/micro_ros_agent/package.dsv'
[208.295s] INFO:colcon.colcon_core.shell:Creating package script '/home/omarwaleed/Desktop/project/component/Torpedo-ROVER/uros_ws/install/micro_ros_agent/share/micro_ros_agent/package.sh'
[208.296s] INFO:colcon.colcon_core.shell:Creating package script '/home/omarwaleed/Desktop/project/component/Torpedo-ROVER/uros_ws/install/micro_ros_agent/share/micro_ros_agent/package.bash'
[208.297s] INFO:colcon.colcon_core.shell:Creating package script '/home/omarwaleed/Desktop/project/component/Torpedo-ROVER/uros_ws/install/micro_ros_agent/share/micro_ros_agent/package.zsh'
[208.297s] Level 1:colcon.colcon_core.environment:create_file_with_runtime_dependencies(/home/omarwaleed/Desktop/project/component/Torpedo-ROVER/uros_ws/install/micro_ros_agent/share/colcon-core/packages/micro_ros_agent)
[208.298s] DEBUG:colcon.colcon_parallel_executor.executor.parallel:closing loop
[208.298s] DEBUG:colcon.colcon_parallel_executor.executor.parallel:loop closed
[208.299s] DEBUG:colcon.colcon_parallel_executor.executor.parallel:run_until_complete finished with '0'
[208.299s] DEBUG:colcon.colcon_core.event_reactor:joining thread
[208.435s] INFO:colcon.colcon_core.plugin_system:Skipping extension 'colcon_notification.desktop_notification.terminal_notifier': Not used on non-Darwin systems
[208.435s] INFO:colcon.colcon_core.plugin_system:Skipping extension 'colcon_notification.desktop_notification.win32': Not used on non-Windows systems
[208.435s] INFO:colcon.colcon_notification.desktop_notification:Sending desktop notification using 'notify2'
[209.008s] DEBUG:colcon.colcon_core.event_reactor:joined thread
[209.009s] INFO:colcon.colcon_core.shell:Creating prefix script '/home/omarwaleed/Desktop/project/component/Torpedo-ROVER/uros_ws/install/local_setup.ps1'
[209.011s] INFO:colcon.colcon_core.shell:Creating prefix util module '/home/omarwaleed/Desktop/project/component/Torpedo-ROVER/uros_ws/install/_local_setup_util_ps1.py'
[209.030s] INFO:colcon.colcon_core.shell:Creating prefix chain script '/home/omarwaleed/Desktop/project/component/Torpedo-ROVER/uros_ws/install/setup.ps1'
[209.101s] INFO:colcon.colcon_core.shell:Creating prefix script '/home/omarwaleed/Desktop/project/component/Torpedo-ROVER/uros_ws/install/local_setup.sh'
[209.111s] INFO:colcon.colcon_core.shell:Creating prefix util module '/home/omarwaleed/Desktop/project/component/Torpedo-ROVER/uros_ws/install/_local_setup_util_sh.py'
[209.112s] INFO:colcon.colcon_core.shell:Creating prefix chain script '/home/omarwaleed/Desktop/project/component/Torpedo-ROVER/uros_ws/install/setup.sh'
[209.114s] INFO:colcon.colcon_core.shell:Creating prefix script '/home/omarwaleed/Desktop/project/component/Torpedo-ROVER/uros_ws/install/local_setup.bash'
[209.138s] INFO:colcon.colcon_core.shell:Creating prefix chain script '/home/omarwaleed/Desktop/project/component/Torpedo-ROVER/uros_ws/install/setup.bash'
[209.141s] INFO:colcon.colcon_core.shell:Creating prefix script '/home/omarwaleed/Desktop/project/component/Torpedo-ROVER/uros_ws/install/local_setup.zsh'
[209.158s] INFO:colcon.colcon_core.shell:Creating prefix chain script '/home/omarwaleed/Desktop/project/component/Torpedo-ROVER/uros_ws/install/setup.zsh'
