[0.417s] DEBUG:colcon:Command line arguments: ['/usr/bin/colcon', 'build']
[0.418s] DEBUG:colcon:Parsed command line arguments: Namespace(log_base=None, log_level=None, verb_name='build', build_base='build', install_base='install', merge_install=False, symlink_install=False, test_result_base=None, continue_on_error=False, executor='parallel', parallel_workers=8, event_handlers=None, ignore_user_meta=False, metas=['./colcon.meta'], base_paths=['.'], packages_ignore=None, packages_ignore_regex=None, paths=None, packages_up_to=None, packages_up_to_regex=None, packages_above=None, packages_above_and_dependencies=None, packages_above_depth=None, packages_select_by_dep=None, packages_skip_by_dep=None, packages_skip_up_to=None, packages_select_build_failed=False, packages_skip_build_finished=False, packages_select_test_failures=False, packages_skip_test_passed=False, packages_select=None, packages_skip=None, packages_select_regex=None, packages_skip_regex=None, packages_start=None, packages_end=None, allow_overriding=[], cmake_args=None, cmake_target=None, cmake_target_skip_unavailable=False, cmake_clean_cache=False, cmake_clean_first=False, cmake_force_configure=False, ament_cmake_args=None, catkin_cmake_args=None, catkin_skip_building_tests=False, verb_parser=<colcon_defaults.argument_parser.defaults.DefaultArgumentsDecorator object at 0x7c57bbf30b80>, verb_extension=<colcon_core.verb.build.BuildVerb object at 0x7c57bbf30670>, main=<bound method BuildVerb.main of <colcon_core.verb.build.BuildVerb object at 0x7c57bbf30670>>)
[1.177s] Level 1:colcon.colcon_core.package_discovery:discover_packages(colcon_meta) check parameters
[1.177s] Level 1:colcon.colcon_core.package_discovery:discover_packages(recursive) check parameters
[1.177s] Level 1:colcon.colcon_core.package_discovery:discover_packages(ignore) check parameters
[1.177s] Level 1:colcon.colcon_core.package_discovery:discover_packages(path) check parameters
[1.177s] Level 1:colcon.colcon_core.package_discovery:discover_packages(colcon_meta) discover
[1.177s] Level 1:colcon.colcon_core.package_discovery:discover_packages(recursive) discover
[1.178s] INFO:colcon.colcon_core.package_discovery:Crawling recursively for packages in '/home/omarwaleed/Desktop/project/component/Torpedo-ROVER/ros2_controller'
[1.178s] Level 1:colcon.colcon_core.package_identification:_identify(.) by extensions ['ignore', 'ignore_ament_install']
[1.178s] Level 1:colcon.colcon_core.package_identification:_identify(.) by extension 'ignore'
[1.178s] Level 1:colcon.colcon_core.package_identification:_identify(.) by extension 'ignore_ament_install'
[1.178s] Level 1:colcon.colcon_core.package_identification:_identify(.) by extensions ['colcon_pkg']
[1.178s] Level 1:colcon.colcon_core.package_identification:_identify(.) by extension 'colcon_pkg'
[1.179s] Level 1:colcon.colcon_core.package_identification:_identify(.) by extensions ['colcon_meta']
[1.179s] Level 1:colcon.colcon_core.package_identification:_identify(.) by extension 'colcon_meta'
[1.179s] Level 1:colcon.colcon_core.package_identification:_identify(.) by extensions ['ros']
[1.179s] Level 1:colcon.colcon_core.package_identification:_identify(.) by extension 'ros'
[1.244s] Level 1:colcon.colcon_core.package_identification:_identify(.) by extensions ['cmake', 'python']
[1.244s] Level 1:colcon.colcon_core.package_identification:_identify(.) by extension 'cmake'
[1.245s] Level 1:colcon.colcon_core.package_identification:_identify(.) by extension 'python'
[1.245s] Level 1:colcon.colcon_core.package_identification:_identify(.) by extensions ['python_setup_py']
[1.245s] Level 1:colcon.colcon_core.package_identification:_identify(.) by extension 'python_setup_py'
[1.245s] Level 1:colcon.colcon_core.package_identification:_identify(build) by extensions ['ignore', 'ignore_ament_install']
[1.245s] Level 1:colcon.colcon_core.package_identification:_identify(build) by extension 'ignore'
[1.245s] Level 1:colcon.colcon_core.package_identification:_identify(build) ignored
[1.246s] Level 1:colcon.colcon_core.package_identification:_identify(install) by extensions ['ignore', 'ignore_ament_install']
[1.246s] Level 1:colcon.colcon_core.package_identification:_identify(install) by extension 'ignore'
[1.246s] Level 1:colcon.colcon_core.package_identification:_identify(install) ignored
[1.246s] Level 1:colcon.colcon_core.package_identification:_identify(log) by extensions ['ignore', 'ignore_ament_install']
[1.246s] Level 1:colcon.colcon_core.package_identification:_identify(log) by extension 'ignore'
[1.246s] Level 1:colcon.colcon_core.package_identification:_identify(log) ignored
[1.246s] Level 1:colcon.colcon_core.package_identification:_identify(src) by extensions ['ignore', 'ignore_ament_install']
[1.247s] Level 1:colcon.colcon_core.package_identification:_identify(src) by extension 'ignore'
[1.247s] Level 1:colcon.colcon_core.package_identification:_identify(src) by extension 'ignore_ament_install'
[1.247s] Level 1:colcon.colcon_core.package_identification:_identify(src) by extensions ['colcon_pkg']
[1.247s] Level 1:colcon.colcon_core.package_identification:_identify(src) by extension 'colcon_pkg'
[1.247s] Level 1:colcon.colcon_core.package_identification:_identify(src) by extensions ['colcon_meta']
[1.247s] Level 1:colcon.colcon_core.package_identification:_identify(src) by extension 'colcon_meta'
[1.247s] Level 1:colcon.colcon_core.package_identification:_identify(src) by extensions ['ros']
[1.247s] Level 1:colcon.colcon_core.package_identification:_identify(src) by extension 'ros'
[1.247s] Level 1:colcon.colcon_core.package_identification:_identify(src) by extensions ['cmake', 'python']
[1.247s] Level 1:colcon.colcon_core.package_identification:_identify(src) by extension 'cmake'
[1.248s] Level 1:colcon.colcon_core.package_identification:_identify(src) by extension 'python'
[1.248s] Level 1:colcon.colcon_core.package_identification:_identify(src) by extensions ['python_setup_py']
[1.248s] Level 1:colcon.colcon_core.package_identification:_identify(src) by extension 'python_setup_py'
[1.248s] Level 1:colcon.colcon_core.package_identification:_identify(src/ros2_comm) by extensions ['ignore', 'ignore_ament_install']
[1.248s] Level 1:colcon.colcon_core.package_identification:_identify(src/ros2_comm) by extension 'ignore'
[1.248s] Level 1:colcon.colcon_core.package_identification:_identify(src/ros2_comm) by extension 'ignore_ament_install'
[1.248s] Level 1:colcon.colcon_core.package_identification:_identify(src/ros2_comm) by extensions ['colcon_pkg']
[1.248s] Level 1:colcon.colcon_core.package_identification:_identify(src/ros2_comm) by extension 'colcon_pkg'
[1.248s] Level 1:colcon.colcon_core.package_identification:_identify(src/ros2_comm) by extensions ['colcon_meta']
[1.249s] Level 1:colcon.colcon_core.package_identification:_identify(src/ros2_comm) by extension 'colcon_meta'
[1.249s] Level 1:colcon.colcon_core.package_identification:_identify(src/ros2_comm) by extensions ['ros']
[1.249s] Level 1:colcon.colcon_core.package_identification:_identify(src/ros2_comm) by extension 'ros'
[1.254s] DEBUG:colcon.colcon_core.package_identification:Package 'src/ros2_comm' with type 'ros.ament_python' and name 'ros2_comm'
[1.254s] Level 1:colcon.colcon_core.package_discovery:discover_packages(recursive) using defaults
[1.255s] Level 1:colcon.colcon_core.package_discovery:discover_packages(ignore) discover
[1.255s] Level 1:colcon.colcon_core.package_discovery:discover_packages(ignore) using defaults
[1.255s] Level 1:colcon.colcon_core.package_discovery:discover_packages(path) discover
[1.255s] Level 1:colcon.colcon_core.package_discovery:discover_packages(path) using defaults
[1.405s] Level 1:colcon.colcon_core.package_discovery:discover_packages(prefix_path) check parameters
[1.406s] Level 1:colcon.colcon_core.package_discovery:discover_packages(prefix_path) discover
[1.438s] DEBUG:colcon.colcon_installed_package_information.package_discovery:Found 1 installed packages in /home/omarwaleed/Desktop/project/component/Torpedo-ROVER/ros2_controller/install
[1.439s] DEBUG:colcon.colcon_installed_package_information.package_discovery:Found 1 installed packages in /home/omarwaleed/turtle_catch_ws/install
[1.442s] DEBUG:colcon.colcon_installed_package_information.package_discovery:Found 271 installed packages in /opt/ros/humble
[1.445s] Level 1:colcon.colcon_core.package_discovery:discover_packages(prefix_path) using defaults
[1.582s] Level 5:colcon.colcon_core.verb:set package 'ros2_comm' build argument 'cmake_args' from command line to 'None'
[1.583s] Level 5:colcon.colcon_core.verb:set package 'ros2_comm' build argument 'cmake_target' from command line to 'None'
[1.583s] Level 5:colcon.colcon_core.verb:set package 'ros2_comm' build argument 'cmake_target_skip_unavailable' from command line to 'False'
[1.583s] Level 5:colcon.colcon_core.verb:set package 'ros2_comm' build argument 'cmake_clean_cache' from command line to 'False'
[1.583s] Level 5:colcon.colcon_core.verb:set package 'ros2_comm' build argument 'cmake_clean_first' from command line to 'False'
[1.583s] Level 5:colcon.colcon_core.verb:set package 'ros2_comm' build argument 'cmake_force_configure' from command line to 'False'
[1.583s] Level 5:colcon.colcon_core.verb:set package 'ros2_comm' build argument 'ament_cmake_args' from command line to 'None'
[1.583s] Level 5:colcon.colcon_core.verb:set package 'ros2_comm' build argument 'catkin_cmake_args' from command line to 'None'
[1.583s] Level 5:colcon.colcon_core.verb:set package 'ros2_comm' build argument 'catkin_skip_building_tests' from command line to 'False'
[1.583s] DEBUG:colcon.colcon_core.verb:Building package 'ros2_comm' with the following arguments: {'ament_cmake_args': None, 'build_base': '/home/omarwaleed/Desktop/project/component/Torpedo-ROVER/ros2_controller/build/ros2_comm', 'catkin_cmake_args': None, 'catkin_skip_building_tests': False, 'cmake_args': None, 'cmake_clean_cache': False, 'cmake_clean_first': False, 'cmake_force_configure': False, 'cmake_target': None, 'cmake_target_skip_unavailable': False, 'install_base': '/home/omarwaleed/Desktop/project/component/Torpedo-ROVER/ros2_controller/install/ros2_comm', 'merge_install': False, 'path': '/home/omarwaleed/Desktop/project/component/Torpedo-ROVER/ros2_controller/src/ros2_comm', 'symlink_install': False, 'test_result_base': None}
[1.583s] INFO:colcon.colcon_core.executor:Executing jobs using 'parallel' executor
[1.585s] DEBUG:colcon.colcon_parallel_executor.executor.parallel:run_until_complete
[1.586s] INFO:colcon.colcon_ros.task.ament_python.build:Building ROS package in '/home/omarwaleed/Desktop/project/component/Torpedo-ROVER/ros2_controller/src/ros2_comm' with build type 'ament_python'
[1.586s] Level 1:colcon.colcon_core.shell:create_environment_hook('ros2_comm', 'ament_prefix_path')
[1.591s] INFO:colcon.colcon_core.plugin_system:Skipping extension 'colcon_core.shell.bat': Not used on non-Windows systems
[1.591s] INFO:colcon.colcon_core.shell:Creating environment hook '/home/omarwaleed/Desktop/project/component/Torpedo-ROVER/ros2_controller/install/ros2_comm/share/ros2_comm/hook/ament_prefix_path.ps1'
[1.622s] INFO:colcon.colcon_core.shell:Creating environment descriptor '/home/omarwaleed/Desktop/project/component/Torpedo-ROVER/ros2_controller/install/ros2_comm/share/ros2_comm/hook/ament_prefix_path.dsv'
[1.623s] INFO:colcon.colcon_core.shell:Creating environment hook '/home/omarwaleed/Desktop/project/component/Torpedo-ROVER/ros2_controller/install/ros2_comm/share/ros2_comm/hook/ament_prefix_path.sh'
[1.625s] INFO:colcon.colcon_core.shell:Skip shell extension 'powershell' for command environment: Not usable outside of PowerShell
[1.625s] DEBUG:colcon.colcon_core.shell:Skip shell extension 'dsv' for command environment
[2.240s] INFO:colcon.colcon_core.task.python.build:Building Python package in '/home/omarwaleed/Desktop/project/component/Torpedo-ROVER/ros2_controller/src/ros2_comm'
[2.241s] INFO:colcon.colcon_core.shell:Skip shell extension 'powershell' for command environment: Not usable outside of PowerShell
[2.241s] DEBUG:colcon.colcon_core.shell:Skip shell extension 'dsv' for command environment
[3.127s] DEBUG:colcon.colcon_core.event_handler.log_command:Invoking command in '/home/omarwaleed/Desktop/project/component/Torpedo-ROVER/ros2_controller/build/ros2_comm': PYTHONPATH=/home/omarwaleed/Desktop/project/component/Torpedo-ROVER/ros2_controller/build/ros2_comm/prefix_override:/usr/lib/python3/dist-packages/colcon_core/task/python/colcon_distutils_commands:/home/omarwaleed/Desktop/project/component/Torpedo-ROVER/ros2_controller/install/ros2_comm/lib/python3.10/site-packages:${PYTHONPATH} /usr/bin/python3 -W ignore:setup.py install is deprecated setup.py develop --uninstall --editable --build-directory /home/omarwaleed/Desktop/project/component/Torpedo-ROVER/ros2_controller/build/ros2_comm/build
[3.188s] DEBUG:colcon.colcon_core.event_handler.log_command:Invoked command in '/home/omarwaleed/Desktop/project/component/Torpedo-ROVER/ros2_controller/build/ros2_comm' returned '2': PYTHONPATH=/home/omarwaleed/Desktop/project/component/Torpedo-ROVER/ros2_controller/build/ros2_comm/prefix_override:/usr/lib/python3/dist-packages/colcon_core/task/python/colcon_distutils_commands:/home/omarwaleed/Desktop/project/component/Torpedo-ROVER/ros2_controller/install/ros2_comm/lib/python3.10/site-packages:${PYTHONPATH} /usr/bin/python3 -W ignore:setup.py install is deprecated setup.py develop --uninstall --editable --build-directory /home/omarwaleed/Desktop/project/component/Torpedo-ROVER/ros2_controller/build/ros2_comm/build
[3.197s] DEBUG:colcon.colcon_parallel_executor.executor.parallel:closing loop
[3.198s] DEBUG:colcon.colcon_parallel_executor.executor.parallel:loop closed
[3.198s] DEBUG:colcon.colcon_parallel_executor.executor.parallel:run_until_complete finished with '2'
[3.198s] DEBUG:colcon.colcon_core.event_reactor:joining thread
[3.209s] INFO:colcon.colcon_core.plugin_system:Skipping extension 'colcon_notification.desktop_notification.terminal_notifier': Not used on non-Darwin systems
[3.209s] INFO:colcon.colcon_core.plugin_system:Skipping extension 'colcon_notification.desktop_notification.win32': Not used on non-Windows systems
[3.209s] INFO:colcon.colcon_notification.desktop_notification:Sending desktop notification using 'notify2'
[3.284s] DEBUG:colcon.colcon_core.event_reactor:joined thread
[3.284s] INFO:colcon.colcon_core.shell:Creating prefix script '/home/omarwaleed/Desktop/project/component/Torpedo-ROVER/ros2_controller/install/local_setup.ps1'
[3.293s] INFO:colcon.colcon_core.shell:Creating prefix util module '/home/omarwaleed/Desktop/project/component/Torpedo-ROVER/ros2_controller/install/_local_setup_util_ps1.py'
[3.296s] INFO:colcon.colcon_core.shell:Creating prefix chain script '/home/omarwaleed/Desktop/project/component/Torpedo-ROVER/ros2_controller/install/setup.ps1'
[3.305s] INFO:colcon.colcon_core.shell:Creating prefix script '/home/omarwaleed/Desktop/project/component/Torpedo-ROVER/ros2_controller/install/local_setup.sh'
[3.306s] INFO:colcon.colcon_core.shell:Creating prefix util module '/home/omarwaleed/Desktop/project/component/Torpedo-ROVER/ros2_controller/install/_local_setup_util_sh.py'
[3.307s] INFO:colcon.colcon_core.shell:Creating prefix chain script '/home/omarwaleed/Desktop/project/component/Torpedo-ROVER/ros2_controller/install/setup.sh'
[3.310s] INFO:colcon.colcon_core.shell:Creating prefix script '/home/omarwaleed/Desktop/project/component/Torpedo-ROVER/ros2_controller/install/local_setup.bash'
[3.338s] INFO:colcon.colcon_core.shell:Creating prefix chain script '/home/omarwaleed/Desktop/project/component/Torpedo-ROVER/ros2_controller/install/setup.bash'
[3.341s] INFO:colcon.colcon_core.shell:Creating prefix script '/home/omarwaleed/Desktop/project/component/Torpedo-ROVER/ros2_controller/install/local_setup.zsh'
[3.363s] INFO:colcon.colcon_core.shell:Creating prefix chain script '/home/omarwaleed/Desktop/project/component/Torpedo-ROVER/ros2_controller/install/setup.zsh'
