running egg_info
creating ../../build/ros2_comm/ros2_comm.egg-info
writing ../../build/ros2_comm/ros2_comm.egg-info/PKG-INFO
writing dependency_links to ../../build/ros2_comm/ros2_comm.egg-info/dependency_links.txt
writing entry points to ../../build/ros2_comm/ros2_comm.egg-info/entry_points.txt
writing requirements to ../../build/ros2_comm/ros2_comm.egg-info/requires.txt
writing top-level names to ../../build/ros2_comm/ros2_comm.egg-info/top_level.txt
writing manifest file '../../build/ros2_comm/ros2_comm.egg-info/SOURCES.txt'
reading manifest file '../../build/ros2_comm/ros2_comm.egg-info/SOURCES.txt'
writing manifest file '../../build/ros2_comm/ros2_comm.egg-info/SOURCES.txt'
running build
running build_py
creating /home/omarwaleed/ros2_controller/build/ros2_comm/build
creating /home/omarwaleed/ros2_controller/build/ros2_comm/build/lib
creating /home/omarwaleed/ros2_controller/build/ros2_comm/build/lib/ros2_comm
copying ros2_comm/__init__.py -> /home/omarwaleed/ros2_controller/build/ros2_comm/build/lib/ros2_comm
running install
running install_lib
creating /home/omarwaleed/ros2_controller/install/ros2_comm/lib/python3.10/site-packages/ros2_comm
copying /home/omarwaleed/ros2_controller/build/ros2_comm/build/lib/ros2_comm/__init__.py -> /home/omarwaleed/ros2_controller/install/ros2_comm/lib/python3.10/site-packages/ros2_comm
byte-compiling /home/omarwaleed/ros2_controller/install/ros2_comm/lib/python3.10/site-packages/ros2_comm/__init__.py to __init__.cpython-310.pyc
running install_data
creating /home/omarwaleed/ros2_controller/install/ros2_comm/share/ament_index
creating /home/omarwaleed/ros2_controller/install/ros2_comm/share/ament_index/resource_index
creating /home/omarwaleed/ros2_controller/install/ros2_comm/share/ament_index/resource_index/packages
copying resource/ros2_comm -> /home/omarwaleed/ros2_controller/install/ros2_comm/share/ament_index/resource_index/packages
copying package.xml -> /home/omarwaleed/ros2_controller/install/ros2_comm/share/ros2_comm
running install_egg_info
Copying ../../build/ros2_comm/ros2_comm.egg-info to /home/omarwaleed/ros2_controller/install/ros2_comm/lib/python3.10/site-packages/ros2_comm-0.0.0-py3.10.egg-info
running install_scripts
writing list of installed files to '/home/omarwaleed/ros2_controller/build/ros2_comm/install.log'
