[0.021s] Invoking command in '/home/omarwaleed/Desktop/project/component/Torpedo-ROVER/uros_ws/build/micro_ros_msgs': CMAKE_PREFIX_PATH=${CMAKE_PREFIX_PATH}:/home/omarwaleed/turtle_catch_ws/install/turtle_catch:/home/omarwaleed/ros2_ws/install/ultrasonic_subscriber:/home/omarwaleed/ros2_ws/install/ultrasonic_sim:/home/omarwaleed/ros2_ws/install/ultrasonic_publisher:/home/omarwaleed/ros2_ws/install/my_robot_controller:/opt/ros/humble /usr/bin/cmake /home/omarwaleed/Desktop/project/component/Torpedo-ROVER/uros_ws/src/uros/micro_ros_msgs -DUAGENT_BUILD_EXECUTABLE=OFF -DUAGENT_P2P_PROFILE=OFF --no-warn-unused-cli -DCMAKE_INSTALL_PREFIX=/home/omarwaleed/Desktop/project/component/Torpedo-ROVER/uros_ws/install/micro_ros_msgs
[0.083s] Not searching for unused variables given on the command line.
[0.171s] -- The C compiler identification is GNU 11.4.0
[0.278s] -- The CXX compiler identification is GNU 11.4.0
[0.291s] -- Detecting C compiler ABI info
[0.417s] -- Detecting C compiler ABI info - done
[0.433s] -- Check for working C compiler: /usr/bin/cc - skipped
[0.433s] -- Detecting C compile features
[0.434s] -- Detecting C compile features - done
[0.440s] -- Detecting CXX compiler ABI info
[0.588s] -- Detecting CXX compiler ABI info - done
[0.602s] -- Check for working CXX compiler: /usr/bin/c++ - skipped
[0.603s] -- Detecting CXX compile features
[0.604s] -- Detecting CXX compile features - done
[0.610s] -- Found ament_cmake: 1.3.10 (/opt/ros/humble/share/ament_cmake/cmake)
[0.914s] -- Found Python3: /usr/bin/python3 (found version "3.10.12") found components: Interpreter 
[1.152s] -- Found rosidl_default_generators: 1.2.0 (/opt/ros/humble/share/rosidl_default_generators/cmake)
[1.218s] -- Using all available rosidl_typesupport_c: rosidl_typesupport_fastrtps_c;rosidl_typesupport_introspection_c
[1.291s] -- Found rosidl_adapter: 3.1.5 (/opt/ros/humble/share/rosidl_adapter/cmake)
[1.757s] -- Using all available rosidl_typesupport_cpp: rosidl_typesupport_fastrtps_cpp;rosidl_typesupport_introspection_cpp
[1.979s] -- Found ament_lint_auto: 0.12.11 (/opt/ros/humble/share/ament_lint_auto/cmake)
[2.590s] -- Found ament_cmake_ros: 0.10.0 (/opt/ros/humble/share/ament_cmake_ros/cmake)
[3.014s] -- Using all available rosidl_typesupport_c: rosidl_typesupport_fastrtps_c;rosidl_typesupport_introspection_c
[3.488s] -- Using all available rosidl_typesupport_cpp: rosidl_typesupport_fastrtps_cpp;rosidl_typesupport_introspection_cpp
[3.547s] -- Found PythonInterp: /usr/bin/python3 (found suitable version "3.10.12", minimum required is "3.6") 
[3.664s] -- Found python_cmake_module: 0.10.0 (/opt/ros/humble/share/python_cmake_module/cmake)
[3.844s] -- Found PythonLibs: /usr/lib/x86_64-linux-gnu/libpython3.10.so (found suitable version "3.10.12", minimum required is "3.5") 
[3.844s] -- Using PYTHON_EXECUTABLE: /usr/bin/python3
[3.844s] -- Using PYTHON_INCLUDE_DIRS: /usr/include/python3.10
[3.844s] -- Using PYTHON_LIBRARIES: /usr/lib/x86_64-linux-gnu/libpython3.10.so
[3.888s] -- Found PythonExtra: .so  
[3.959s] -- Added test 'copyright' to check source files copyright and LICENSE
[3.976s] -- Added test 'lint_cmake' to check CMake code style
[3.986s] -- Added test 'xmllint' to check XML markup files
[4.022s] -- Configuring done
[4.126s] -- Generating done
[4.131s] -- Build files have been written to: /home/omarwaleed/Desktop/project/component/Torpedo-ROVER/uros_ws/build/micro_ros_msgs
[4.141s] Invoked command in '/home/omarwaleed/Desktop/project/component/Torpedo-ROVER/uros_ws/build/micro_ros_msgs' returned '0': CMAKE_PREFIX_PATH=${CMAKE_PREFIX_PATH}:/home/omarwaleed/turtle_catch_ws/install/turtle_catch:/home/omarwaleed/ros2_ws/install/ultrasonic_subscriber:/home/omarwaleed/ros2_ws/install/ultrasonic_sim:/home/omarwaleed/ros2_ws/install/ultrasonic_publisher:/home/omarwaleed/ros2_ws/install/my_robot_controller:/opt/ros/humble /usr/bin/cmake /home/omarwaleed/Desktop/project/component/Torpedo-ROVER/uros_ws/src/uros/micro_ros_msgs -DUAGENT_BUILD_EXECUTABLE=OFF -DUAGENT_P2P_PROFILE=OFF --no-warn-unused-cli -DCMAKE_INSTALL_PREFIX=/home/omarwaleed/Desktop/project/component/Torpedo-ROVER/uros_ws/install/micro_ros_msgs
[4.144s] Invoking command in '/home/omarwaleed/Desktop/project/component/Torpedo-ROVER/uros_ws/build/micro_ros_msgs': CMAKE_PREFIX_PATH=${CMAKE_PREFIX_PATH}:/home/omarwaleed/turtle_catch_ws/install/turtle_catch:/home/omarwaleed/ros2_ws/install/ultrasonic_subscriber:/home/omarwaleed/ros2_ws/install/ultrasonic_sim:/home/omarwaleed/ros2_ws/install/ultrasonic_publisher:/home/omarwaleed/ros2_ws/install/my_robot_controller:/opt/ros/humble /usr/bin/cmake --build /home/omarwaleed/Desktop/project/component/Torpedo-ROVER/uros_ws/build/micro_ros_msgs -- -j8 -l8
[4.217s] [  2%] [34m[1mGenerating C code for ROS interfaces[0m
[4.235s] [  4%] [34m[1mGenerating C++ code for ROS interfaces[0m
[4.252s] [  4%] Built target ament_cmake_python_copy_micro_ros_msgs
[4.791s] running egg_info
[4.793s] creating micro_ros_msgs.egg-info
[4.793s] writing micro_ros_msgs.egg-info/PKG-INFO
[4.793s] writing dependency_links to micro_ros_msgs.egg-info/dependency_links.txt
[4.794s] writing top-level names to micro_ros_msgs.egg-info/top_level.txt
[4.794s] writing manifest file 'micro_ros_msgs.egg-info/SOURCES.txt'
[4.798s] reading manifest file 'micro_ros_msgs.egg-info/SOURCES.txt'
[4.799s] writing manifest file 'micro_ros_msgs.egg-info/SOURCES.txt'
[4.843s] [  4%] Built target ament_cmake_python_build_micro_ros_msgs_egg
[4.991s] [  4%] Built target micro_ros_msgs__cpp
[5.025s] [  6%] [34m[1mGenerating C++ type support dispatch for ROS interfaces[0m
[5.026s] [  8%] [34m[1mGenerating C++ type support for eProsima Fast-RTPS[0m
[5.026s] [ 10%] [34m[1mGenerating C++ introspection for ROS interfaces[0m
[5.074s] [ 12%] [32mBuilding C object CMakeFiles/micro_ros_msgs__rosidl_generator_c.dir/rosidl_generator_c/micro_ros_msgs/msg/detail/node__functions.c.o[0m
[5.074s] [ 17%] [32mBuilding C object CMakeFiles/micro_ros_msgs__rosidl_generator_c.dir/rosidl_generator_c/micro_ros_msgs/msg/detail/graph__functions.c.o[0m
[5.075s] [ 17%] [32mBuilding C object CMakeFiles/micro_ros_msgs__rosidl_generator_c.dir/rosidl_generator_c/micro_ros_msgs/msg/detail/entity__functions.c.o[0m
[5.595s] [ 19%] [32m[1mLinking C shared library libmicro_ros_msgs__rosidl_generator_c.so[0m
[5.665s] [ 19%] Built target micro_ros_msgs__rosidl_generator_c
[5.684s] [ 21%] [34m[1mGenerating C type support for eProsima Fast-RTPS[0m
[5.690s] [ 25%] [34m[1mGenerating C introspection for ROS interfaces[0m
[5.691s] [ 25%] [34m[1mGenerating C type support dispatch for ROS interfaces[0m
[5.799s] [ 29%] [32mBuilding CXX object CMakeFiles/micro_ros_msgs__rosidl_typesupport_cpp.dir/rosidl_typesupport_cpp/micro_ros_msgs/msg/node__type_support.cpp.o[0m
[5.799s] [ 29%] [32mBuilding CXX object CMakeFiles/micro_ros_msgs__rosidl_typesupport_cpp.dir/rosidl_typesupport_cpp/micro_ros_msgs/msg/graph__type_support.cpp.o[0m
[5.800s] [ 31%] [32mBuilding CXX object CMakeFiles/micro_ros_msgs__rosidl_typesupport_cpp.dir/rosidl_typesupport_cpp/micro_ros_msgs/msg/entity__type_support.cpp.o[0m
[5.975s] [ 34%] [32mBuilding CXX object CMakeFiles/micro_ros_msgs__rosidl_typesupport_introspection_cpp.dir/rosidl_typesupport_introspection_cpp/micro_ros_msgs/msg/detail/graph__type_support.cpp.o[0m
[6.058s] [ 36%] [32mBuilding CXX object CMakeFiles/micro_ros_msgs__rosidl_typesupport_fastrtps_cpp.dir/rosidl_typesupport_fastrtps_cpp/micro_ros_msgs/msg/detail/dds_fastrtps/graph__type_support.cpp.o[0m
[6.609s] [ 38%] [32mBuilding CXX object CMakeFiles/micro_ros_msgs__rosidl_typesupport_c.dir/rosidl_typesupport_c/micro_ros_msgs/msg/graph__type_support.cpp.o[0m
[6.655s] [ 40%] [32mBuilding C object CMakeFiles/micro_ros_msgs__rosidl_typesupport_introspection_c.dir/rosidl_typesupport_introspection_c/micro_ros_msgs/msg/detail/graph__type_support.c.o[0m
[6.961s] [ 42%] [32mBuilding CXX object CMakeFiles/micro_ros_msgs__rosidl_typesupport_fastrtps_c.dir/rosidl_typesupport_fastrtps_c/micro_ros_msgs/msg/detail/graph__type_support_c.cpp.o[0m
[7.272s] [ 44%] [32mBuilding C object CMakeFiles/micro_ros_msgs__rosidl_typesupport_introspection_c.dir/rosidl_typesupport_introspection_c/micro_ros_msgs/msg/detail/node__type_support.c.o[0m
[7.347s] [ 46%] [32mBuilding C object CMakeFiles/micro_ros_msgs__rosidl_typesupport_introspection_c.dir/rosidl_typesupport_introspection_c/micro_ros_msgs/msg/detail/entity__type_support.c.o[0m
[7.366s] [ 48%] [32mBuilding CXX object CMakeFiles/micro_ros_msgs__rosidl_typesupport_c.dir/rosidl_typesupport_c/micro_ros_msgs/msg/node__type_support.cpp.o[0m
[7.662s] [ 53%] [32m[1mLinking C shared library libmicro_ros_msgs__rosidl_typesupport_introspection_c.so[0m
[7.662s] [ 53%] [32mBuilding CXX object CMakeFiles/micro_ros_msgs__rosidl_typesupport_c.dir/rosidl_typesupport_c/micro_ros_msgs/msg/entity__type_support.cpp.o[0m
[7.740s] [ 55%] [32m[1mLinking CXX shared library libmicro_ros_msgs__rosidl_typesupport_c.so[0m
[7.750s] [ 55%] Built target micro_ros_msgs__rosidl_typesupport_introspection_c
[7.771s] [ 57%] [32mBuilding CXX object CMakeFiles/micro_ros_msgs__rosidl_typesupport_fastrtps_c.dir/rosidl_typesupport_fastrtps_c/micro_ros_msgs/msg/detail/node__type_support_c.cpp.o[0m
[7.834s] [ 57%] Built target micro_ros_msgs__rosidl_typesupport_c
[7.851s] [ 59%] [32mBuilding CXX object CMakeFiles/micro_ros_msgs__rosidl_typesupport_fastrtps_c.dir/rosidl_typesupport_fastrtps_c/micro_ros_msgs/msg/detail/entity__type_support_c.cpp.o[0m
[8.651s] [ 65%] [32m[1mLinking CXX shared library libmicro_ros_msgs__rosidl_typesupport_cpp.so[0m
[8.651s] [ 65%] [32mBuilding CXX object CMakeFiles/micro_ros_msgs__rosidl_typesupport_introspection_cpp.dir/rosidl_typesupport_introspection_cpp/micro_ros_msgs/msg/detail/entity__type_support.cpp.o[0m
[8.651s] [ 65%] [32mBuilding CXX object CMakeFiles/micro_ros_msgs__rosidl_typesupport_introspection_cpp.dir/rosidl_typesupport_introspection_cpp/micro_ros_msgs/msg/detail/node__type_support.cpp.o[0m
[8.768s] [ 68%] [32mBuilding CXX object CMakeFiles/micro_ros_msgs__rosidl_typesupport_fastrtps_cpp.dir/rosidl_typesupport_fastrtps_cpp/micro_ros_msgs/msg/detail/dds_fastrtps/node__type_support.cpp.o[0m
[8.791s] [ 68%] Built target micro_ros_msgs__rosidl_typesupport_cpp
[8.810s] [ 70%] [32mBuilding CXX object CMakeFiles/micro_ros_msgs__rosidl_typesupport_fastrtps_cpp.dir/rosidl_typesupport_fastrtps_cpp/micro_ros_msgs/msg/detail/dds_fastrtps/entity__type_support.cpp.o[0m
[8.973s] [ 72%] [32m[1mLinking CXX shared library libmicro_ros_msgs__rosidl_typesupport_fastrtps_c.so[0m
[9.148s] [ 72%] Built target micro_ros_msgs__rosidl_typesupport_fastrtps_c
[9.642s] [ 74%] [32m[1mLinking CXX shared library libmicro_ros_msgs__rosidl_typesupport_introspection_cpp.so[0m
[9.802s] [ 74%] Built target micro_ros_msgs__rosidl_typesupport_introspection_cpp
[9.836s] [ 76%] [32m[1mLinking CXX shared library libmicro_ros_msgs__rosidl_typesupport_fastrtps_cpp.so[0m
[9.981s] [ 76%] Built target micro_ros_msgs__rosidl_typesupport_fastrtps_cpp
[10.017s] [ 76%] Built target micro_ros_msgs
[10.053s] [ 78%] [34m[1mGenerating Python code for ROS interfaces[0m
[11.101s] [ 78%] Built target micro_ros_msgs__py
[11.139s] [ 82%] [32mBuilding C object CMakeFiles/micro_ros_msgs__rosidl_generator_py.dir/rosidl_generator_py/micro_ros_msgs/msg/_node_s.c.o[0m
[11.139s] [ 82%] [32mBuilding C object CMakeFiles/micro_ros_msgs__rosidl_generator_py.dir/rosidl_generator_py/micro_ros_msgs/msg/_graph_s.c.o[0m
[11.139s] [ 85%] [32mBuilding C object CMakeFiles/micro_ros_msgs__rosidl_generator_py.dir/rosidl_generator_py/micro_ros_msgs/msg/_entity_s.c.o[0m
[11.518s] [ 87%] [32m[1mLinking C shared library rosidl_generator_py/micro_ros_msgs/libmicro_ros_msgs__rosidl_generator_py.so[0m
[11.593s] [ 87%] Built target micro_ros_msgs__rosidl_generator_py
[11.630s] [ 91%] [32mBuilding C object CMakeFiles/micro_ros_msgs__rosidl_typesupport_fastrtps_c__pyext.dir/rosidl_generator_py/micro_ros_msgs/_micro_ros_msgs_s.ep.rosidl_typesupport_fastrtps_c.c.o[0m
[11.631s] [ 91%] [32mBuilding C object CMakeFiles/micro_ros_msgs__rosidl_typesupport_introspection_c__pyext.dir/rosidl_generator_py/micro_ros_msgs/_micro_ros_msgs_s.ep.rosidl_typesupport_introspection_c.c.o[0m
[11.631s] [ 93%] [32mBuilding C object CMakeFiles/micro_ros_msgs__rosidl_typesupport_c__pyext.dir/rosidl_generator_py/micro_ros_msgs/_micro_ros_msgs_s.ep.rosidl_typesupport_c.c.o[0m
[11.822s] [ 95%] [32m[1mLinking C shared library rosidl_generator_py/micro_ros_msgs/micro_ros_msgs_s__rosidl_typesupport_c.cpython-310-x86_64-linux-gnu.so[0m
[11.822s] [ 97%] [32m[1mLinking C shared library rosidl_generator_py/micro_ros_msgs/micro_ros_msgs_s__rosidl_typesupport_introspection_c.cpython-310-x86_64-linux-gnu.so[0m
[11.834s] [100%] [32m[1mLinking C shared library rosidl_generator_py/micro_ros_msgs/micro_ros_msgs_s__rosidl_typesupport_fastrtps_c.cpython-310-x86_64-linux-gnu.so[0m
[11.885s] [100%] Built target micro_ros_msgs__rosidl_typesupport_introspection_c__pyext
[11.885s] [100%] Built target micro_ros_msgs__rosidl_typesupport_c__pyext
[11.902s] [100%] Built target micro_ros_msgs__rosidl_typesupport_fastrtps_c__pyext
[11.931s] Invoked command in '/home/omarwaleed/Desktop/project/component/Torpedo-ROVER/uros_ws/build/micro_ros_msgs' returned '0': CMAKE_PREFIX_PATH=${CMAKE_PREFIX_PATH}:/home/omarwaleed/turtle_catch_ws/install/turtle_catch:/home/omarwaleed/ros2_ws/install/ultrasonic_subscriber:/home/omarwaleed/ros2_ws/install/ultrasonic_sim:/home/omarwaleed/ros2_ws/install/ultrasonic_publisher:/home/omarwaleed/ros2_ws/install/my_robot_controller:/opt/ros/humble /usr/bin/cmake --build /home/omarwaleed/Desktop/project/component/Torpedo-ROVER/uros_ws/build/micro_ros_msgs -- -j8 -l8
[12.142s] Invoking command in '/home/omarwaleed/Desktop/project/component/Torpedo-ROVER/uros_ws/build/micro_ros_msgs': CMAKE_PREFIX_PATH=${CMAKE_PREFIX_PATH}:/home/omarwaleed/turtle_catch_ws/install/turtle_catch:/home/omarwaleed/ros2_ws/install/ultrasonic_subscriber:/home/omarwaleed/ros2_ws/install/ultrasonic_sim:/home/omarwaleed/ros2_ws/install/ultrasonic_publisher:/home/omarwaleed/ros2_ws/install/my_robot_controller:/opt/ros/humble /usr/bin/cmake --install /home/omarwaleed/Desktop/project/component/Torpedo-ROVER/uros_ws/build/micro_ros_msgs
[12.156s] -- Install configuration: ""
[12.156s] -- Installing: /home/omarwaleed/Desktop/project/component/Torpedo-ROVER/uros_ws/install/micro_ros_msgs/share/ament_index/resource_index/rosidl_interfaces/micro_ros_msgs
[12.156s] -- Installing: /home/omarwaleed/Desktop/project/component/Torpedo-ROVER/uros_ws/install/micro_ros_msgs/include/micro_ros_msgs/micro_ros_msgs
[12.157s] -- Installing: /home/omarwaleed/Desktop/project/component/Torpedo-ROVER/uros_ws/install/micro_ros_msgs/include/micro_ros_msgs/micro_ros_msgs/msg
[12.157s] -- Installing: /home/omarwaleed/Desktop/project/component/Torpedo-ROVER/uros_ws/install/micro_ros_msgs/include/micro_ros_msgs/micro_ros_msgs/msg/node.h
[12.157s] -- Installing: /home/omarwaleed/Desktop/project/component/Torpedo-ROVER/uros_ws/install/micro_ros_msgs/include/micro_ros_msgs/micro_ros_msgs/msg/graph.h
[12.158s] -- Installing: /home/omarwaleed/Desktop/project/component/Torpedo-ROVER/uros_ws/install/micro_ros_msgs/include/micro_ros_msgs/micro_ros_msgs/msg/detail
[12.158s] -- Installing: /home/omarwaleed/Desktop/project/component/Torpedo-ROVER/uros_ws/install/micro_ros_msgs/include/micro_ros_msgs/micro_ros_msgs/msg/detail/entity__functions.c
[12.158s] -- Installing: /home/omarwaleed/Desktop/project/component/Torpedo-ROVER/uros_ws/install/micro_ros_msgs/include/micro_ros_msgs/micro_ros_msgs/msg/detail/graph__struct.h
[12.158s] -- Installing: /home/omarwaleed/Desktop/project/component/Torpedo-ROVER/uros_ws/install/micro_ros_msgs/include/micro_ros_msgs/micro_ros_msgs/msg/detail/node__type_support.h
[12.159s] -- Installing: /home/omarwaleed/Desktop/project/component/Torpedo-ROVER/uros_ws/install/micro_ros_msgs/include/micro_ros_msgs/micro_ros_msgs/msg/detail/graph__functions.c
[12.159s] -- Installing: /home/omarwaleed/Desktop/project/component/Torpedo-ROVER/uros_ws/install/micro_ros_msgs/include/micro_ros_msgs/micro_ros_msgs/msg/detail/entity__struct.h
[12.159s] -- Installing: /home/omarwaleed/Desktop/project/component/Torpedo-ROVER/uros_ws/install/micro_ros_msgs/include/micro_ros_msgs/micro_ros_msgs/msg/detail/entity__functions.h
[12.160s] -- Installing: /home/omarwaleed/Desktop/project/component/Torpedo-ROVER/uros_ws/install/micro_ros_msgs/include/micro_ros_msgs/micro_ros_msgs/msg/detail/graph__type_support.h
[12.160s] -- Installing: /home/omarwaleed/Desktop/project/component/Torpedo-ROVER/uros_ws/install/micro_ros_msgs/include/micro_ros_msgs/micro_ros_msgs/msg/detail/node__functions.c
[12.160s] -- Installing: /home/omarwaleed/Desktop/project/component/Torpedo-ROVER/uros_ws/install/micro_ros_msgs/include/micro_ros_msgs/micro_ros_msgs/msg/detail/node__struct.h
[12.160s] -- Installing: /home/omarwaleed/Desktop/project/component/Torpedo-ROVER/uros_ws/install/micro_ros_msgs/include/micro_ros_msgs/micro_ros_msgs/msg/detail/node__functions.h
[12.161s] -- Installing: /home/omarwaleed/Desktop/project/component/Torpedo-ROVER/uros_ws/install/micro_ros_msgs/include/micro_ros_msgs/micro_ros_msgs/msg/detail/entity__type_support.h
[12.161s] -- Installing: /home/omarwaleed/Desktop/project/component/Torpedo-ROVER/uros_ws/install/micro_ros_msgs/include/micro_ros_msgs/micro_ros_msgs/msg/detail/graph__functions.h
[12.161s] -- Installing: /home/omarwaleed/Desktop/project/component/Torpedo-ROVER/uros_ws/install/micro_ros_msgs/include/micro_ros_msgs/micro_ros_msgs/msg/rosidl_generator_c__visibility_control.h
[12.161s] -- Installing: /home/omarwaleed/Desktop/project/component/Torpedo-ROVER/uros_ws/install/micro_ros_msgs/include/micro_ros_msgs/micro_ros_msgs/msg/entity.h
[12.162s] -- Installing: /home/omarwaleed/Desktop/project/component/Torpedo-ROVER/uros_ws/install/micro_ros_msgs/share/micro_ros_msgs/environment/library_path.sh
[12.162s] -- Installing: /home/omarwaleed/Desktop/project/component/Torpedo-ROVER/uros_ws/install/micro_ros_msgs/share/micro_ros_msgs/environment/library_path.dsv
[12.162s] -- Installing: /home/omarwaleed/Desktop/project/component/Torpedo-ROVER/uros_ws/install/micro_ros_msgs/lib/libmicro_ros_msgs__rosidl_generator_c.so
[12.162s] -- Set runtime path of "/home/omarwaleed/Desktop/project/component/Torpedo-ROVER/uros_ws/install/micro_ros_msgs/lib/libmicro_ros_msgs__rosidl_generator_c.so" to ""
[12.163s] -- Up-to-date: /home/omarwaleed/Desktop/project/component/Torpedo-ROVER/uros_ws/install/micro_ros_msgs/include/micro_ros_msgs/micro_ros_msgs
[12.163s] -- Up-to-date: /home/omarwaleed/Desktop/project/component/Torpedo-ROVER/uros_ws/install/micro_ros_msgs/include/micro_ros_msgs/micro_ros_msgs/msg
[12.163s] -- Installing: /home/omarwaleed/Desktop/project/component/Torpedo-ROVER/uros_ws/install/micro_ros_msgs/include/micro_ros_msgs/micro_ros_msgs/msg/rosidl_typesupport_fastrtps_c__visibility_control.h
[12.164s] -- Up-to-date: /home/omarwaleed/Desktop/project/component/Torpedo-ROVER/uros_ws/install/micro_ros_msgs/include/micro_ros_msgs/micro_ros_msgs/msg/detail
[12.164s] -- Installing: /home/omarwaleed/Desktop/project/component/Torpedo-ROVER/uros_ws/install/micro_ros_msgs/include/micro_ros_msgs/micro_ros_msgs/msg/detail/entity__rosidl_typesupport_fastrtps_c.h
[12.164s] -- Installing: /home/omarwaleed/Desktop/project/component/Torpedo-ROVER/uros_ws/install/micro_ros_msgs/include/micro_ros_msgs/micro_ros_msgs/msg/detail/graph__rosidl_typesupport_fastrtps_c.h
[12.164s] -- Installing: /home/omarwaleed/Desktop/project/component/Torpedo-ROVER/uros_ws/install/micro_ros_msgs/include/micro_ros_msgs/micro_ros_msgs/msg/detail/node__rosidl_typesupport_fastrtps_c.h
[12.165s] -- Installing: /home/omarwaleed/Desktop/project/component/Torpedo-ROVER/uros_ws/install/micro_ros_msgs/lib/libmicro_ros_msgs__rosidl_typesupport_fastrtps_c.so
[12.165s] -- Set runtime path of "/home/omarwaleed/Desktop/project/component/Torpedo-ROVER/uros_ws/install/micro_ros_msgs/lib/libmicro_ros_msgs__rosidl_typesupport_fastrtps_c.so" to ""
[12.165s] -- Up-to-date: /home/omarwaleed/Desktop/project/component/Torpedo-ROVER/uros_ws/install/micro_ros_msgs/include/micro_ros_msgs/micro_ros_msgs
[12.165s] -- Up-to-date: /home/omarwaleed/Desktop/project/component/Torpedo-ROVER/uros_ws/install/micro_ros_msgs/include/micro_ros_msgs/micro_ros_msgs/msg
[12.166s] -- Up-to-date: /home/omarwaleed/Desktop/project/component/Torpedo-ROVER/uros_ws/install/micro_ros_msgs/include/micro_ros_msgs/micro_ros_msgs/msg/detail
[12.166s] -- Installing: /home/omarwaleed/Desktop/project/component/Torpedo-ROVER/uros_ws/install/micro_ros_msgs/include/micro_ros_msgs/micro_ros_msgs/msg/detail/node__rosidl_typesupport_introspection_c.h
[12.166s] -- Installing: /home/omarwaleed/Desktop/project/component/Torpedo-ROVER/uros_ws/install/micro_ros_msgs/include/micro_ros_msgs/micro_ros_msgs/msg/detail/entity__type_support.c
[12.166s] -- Installing: /home/omarwaleed/Desktop/project/component/Torpedo-ROVER/uros_ws/install/micro_ros_msgs/include/micro_ros_msgs/micro_ros_msgs/msg/detail/node__type_support.c
[12.167s] -- Installing: /home/omarwaleed/Desktop/project/component/Torpedo-ROVER/uros_ws/install/micro_ros_msgs/include/micro_ros_msgs/micro_ros_msgs/msg/detail/graph__type_support.c
[12.167s] -- Installing: /home/omarwaleed/Desktop/project/component/Torpedo-ROVER/uros_ws/install/micro_ros_msgs/include/micro_ros_msgs/micro_ros_msgs/msg/detail/entity__rosidl_typesupport_introspection_c.h
[12.167s] -- Installing: /home/omarwaleed/Desktop/project/component/Torpedo-ROVER/uros_ws/install/micro_ros_msgs/include/micro_ros_msgs/micro_ros_msgs/msg/detail/graph__rosidl_typesupport_introspection_c.h
[12.167s] -- Installing: /home/omarwaleed/Desktop/project/component/Torpedo-ROVER/uros_ws/install/micro_ros_msgs/include/micro_ros_msgs/micro_ros_msgs/msg/rosidl_typesupport_introspection_c__visibility_control.h
[12.168s] -- Installing: /home/omarwaleed/Desktop/project/component/Torpedo-ROVER/uros_ws/install/micro_ros_msgs/lib/libmicro_ros_msgs__rosidl_typesupport_introspection_c.so
[12.168s] -- Set runtime path of "/home/omarwaleed/Desktop/project/component/Torpedo-ROVER/uros_ws/install/micro_ros_msgs/lib/libmicro_ros_msgs__rosidl_typesupport_introspection_c.so" to ""
[12.168s] -- Installing: /home/omarwaleed/Desktop/project/component/Torpedo-ROVER/uros_ws/install/micro_ros_msgs/lib/libmicro_ros_msgs__rosidl_typesupport_c.so
[12.168s] -- Set runtime path of "/home/omarwaleed/Desktop/project/component/Torpedo-ROVER/uros_ws/install/micro_ros_msgs/lib/libmicro_ros_msgs__rosidl_typesupport_c.so" to ""
[12.169s] -- Up-to-date: /home/omarwaleed/Desktop/project/component/Torpedo-ROVER/uros_ws/install/micro_ros_msgs/include/micro_ros_msgs/micro_ros_msgs
[12.169s] -- Up-to-date: /home/omarwaleed/Desktop/project/component/Torpedo-ROVER/uros_ws/install/micro_ros_msgs/include/micro_ros_msgs/micro_ros_msgs/msg
[12.169s] -- Installing: /home/omarwaleed/Desktop/project/component/Torpedo-ROVER/uros_ws/install/micro_ros_msgs/include/micro_ros_msgs/micro_ros_msgs/msg/graph.hpp
[12.169s] -- Installing: /home/omarwaleed/Desktop/project/component/Torpedo-ROVER/uros_ws/install/micro_ros_msgs/include/micro_ros_msgs/micro_ros_msgs/msg/entity.hpp
[12.170s] -- Up-to-date: /home/omarwaleed/Desktop/project/component/Torpedo-ROVER/uros_ws/install/micro_ros_msgs/include/micro_ros_msgs/micro_ros_msgs/msg/detail
[12.170s] -- Installing: /home/omarwaleed/Desktop/project/component/Torpedo-ROVER/uros_ws/install/micro_ros_msgs/include/micro_ros_msgs/micro_ros_msgs/msg/detail/node__traits.hpp
[12.170s] -- Installing: /home/omarwaleed/Desktop/project/component/Torpedo-ROVER/uros_ws/install/micro_ros_msgs/include/micro_ros_msgs/micro_ros_msgs/msg/detail/entity__traits.hpp
[12.170s] -- Installing: /home/omarwaleed/Desktop/project/component/Torpedo-ROVER/uros_ws/install/micro_ros_msgs/include/micro_ros_msgs/micro_ros_msgs/msg/detail/entity__struct.hpp
[12.171s] -- Installing: /home/omarwaleed/Desktop/project/component/Torpedo-ROVER/uros_ws/install/micro_ros_msgs/include/micro_ros_msgs/micro_ros_msgs/msg/detail/node__struct.hpp
[12.171s] -- Installing: /home/omarwaleed/Desktop/project/component/Torpedo-ROVER/uros_ws/install/micro_ros_msgs/include/micro_ros_msgs/micro_ros_msgs/msg/detail/graph__builder.hpp
[12.171s] -- Installing: /home/omarwaleed/Desktop/project/component/Torpedo-ROVER/uros_ws/install/micro_ros_msgs/include/micro_ros_msgs/micro_ros_msgs/msg/detail/graph__struct.hpp
[12.172s] -- Installing: /home/omarwaleed/Desktop/project/component/Torpedo-ROVER/uros_ws/install/micro_ros_msgs/include/micro_ros_msgs/micro_ros_msgs/msg/detail/node__builder.hpp
[12.172s] -- Installing: /home/omarwaleed/Desktop/project/component/Torpedo-ROVER/uros_ws/install/micro_ros_msgs/include/micro_ros_msgs/micro_ros_msgs/msg/detail/entity__builder.hpp
[12.172s] -- Installing: /home/omarwaleed/Desktop/project/component/Torpedo-ROVER/uros_ws/install/micro_ros_msgs/include/micro_ros_msgs/micro_ros_msgs/msg/detail/graph__traits.hpp
[12.172s] -- Installing: /home/omarwaleed/Desktop/project/component/Torpedo-ROVER/uros_ws/install/micro_ros_msgs/include/micro_ros_msgs/micro_ros_msgs/msg/node.hpp
[12.173s] -- Up-to-date: /home/omarwaleed/Desktop/project/component/Torpedo-ROVER/uros_ws/install/micro_ros_msgs/include/micro_ros_msgs/micro_ros_msgs
[12.173s] -- Up-to-date: /home/omarwaleed/Desktop/project/component/Torpedo-ROVER/uros_ws/install/micro_ros_msgs/include/micro_ros_msgs/micro_ros_msgs/msg
[12.173s] -- Up-to-date: /home/omarwaleed/Desktop/project/component/Torpedo-ROVER/uros_ws/install/micro_ros_msgs/include/micro_ros_msgs/micro_ros_msgs/msg/detail
[12.173s] -- Installing: /home/omarwaleed/Desktop/project/component/Torpedo-ROVER/uros_ws/install/micro_ros_msgs/include/micro_ros_msgs/micro_ros_msgs/msg/detail/dds_fastrtps
[12.174s] -- Installing: /home/omarwaleed/Desktop/project/component/Torpedo-ROVER/uros_ws/install/micro_ros_msgs/include/micro_ros_msgs/micro_ros_msgs/msg/detail/graph__rosidl_typesupport_fastrtps_cpp.hpp
[12.174s] -- Installing: /home/omarwaleed/Desktop/project/component/Torpedo-ROVER/uros_ws/install/micro_ros_msgs/include/micro_ros_msgs/micro_ros_msgs/msg/detail/entity__rosidl_typesupport_fastrtps_cpp.hpp
[12.174s] -- Installing: /home/omarwaleed/Desktop/project/component/Torpedo-ROVER/uros_ws/install/micro_ros_msgs/include/micro_ros_msgs/micro_ros_msgs/msg/detail/node__rosidl_typesupport_fastrtps_cpp.hpp
[12.174s] -- Installing: /home/omarwaleed/Desktop/project/component/Torpedo-ROVER/uros_ws/install/micro_ros_msgs/include/micro_ros_msgs/micro_ros_msgs/msg/rosidl_typesupport_fastrtps_cpp__visibility_control.h
[12.175s] -- Installing: /home/omarwaleed/Desktop/project/component/Torpedo-ROVER/uros_ws/install/micro_ros_msgs/lib/libmicro_ros_msgs__rosidl_typesupport_fastrtps_cpp.so
[12.175s] -- Set runtime path of "/home/omarwaleed/Desktop/project/component/Torpedo-ROVER/uros_ws/install/micro_ros_msgs/lib/libmicro_ros_msgs__rosidl_typesupport_fastrtps_cpp.so" to ""
[12.175s] -- Up-to-date: /home/omarwaleed/Desktop/project/component/Torpedo-ROVER/uros_ws/install/micro_ros_msgs/include/micro_ros_msgs/micro_ros_msgs
[12.175s] -- Up-to-date: /home/omarwaleed/Desktop/project/component/Torpedo-ROVER/uros_ws/install/micro_ros_msgs/include/micro_ros_msgs/micro_ros_msgs/msg
[12.175s] -- Up-to-date: /home/omarwaleed/Desktop/project/component/Torpedo-ROVER/uros_ws/install/micro_ros_msgs/include/micro_ros_msgs/micro_ros_msgs/msg/detail
[12.175s] -- Installing: /home/omarwaleed/Desktop/project/component/Torpedo-ROVER/uros_ws/install/micro_ros_msgs/include/micro_ros_msgs/micro_ros_msgs/msg/detail/graph__rosidl_typesupport_introspection_cpp.hpp
[12.176s] -- Installing: /home/omarwaleed/Desktop/project/component/Torpedo-ROVER/uros_ws/install/micro_ros_msgs/include/micro_ros_msgs/micro_ros_msgs/msg/detail/entity__rosidl_typesupport_introspection_cpp.hpp
[12.176s] -- Installing: /home/omarwaleed/Desktop/project/component/Torpedo-ROVER/uros_ws/install/micro_ros_msgs/include/micro_ros_msgs/micro_ros_msgs/msg/detail/node__type_support.cpp
[12.176s] -- Installing: /home/omarwaleed/Desktop/project/component/Torpedo-ROVER/uros_ws/install/micro_ros_msgs/include/micro_ros_msgs/micro_ros_msgs/msg/detail/graph__type_support.cpp
[12.176s] -- Installing: /home/omarwaleed/Desktop/project/component/Torpedo-ROVER/uros_ws/install/micro_ros_msgs/include/micro_ros_msgs/micro_ros_msgs/msg/detail/node__rosidl_typesupport_introspection_cpp.hpp
[12.176s] -- Installing: /home/omarwaleed/Desktop/project/component/Torpedo-ROVER/uros_ws/install/micro_ros_msgs/include/micro_ros_msgs/micro_ros_msgs/msg/detail/entity__type_support.cpp
[12.176s] -- Installing: /home/omarwaleed/Desktop/project/component/Torpedo-ROVER/uros_ws/install/micro_ros_msgs/lib/libmicro_ros_msgs__rosidl_typesupport_introspection_cpp.so
[12.177s] -- Set runtime path of "/home/omarwaleed/Desktop/project/component/Torpedo-ROVER/uros_ws/install/micro_ros_msgs/lib/libmicro_ros_msgs__rosidl_typesupport_introspection_cpp.so" to ""
[12.177s] -- Installing: /home/omarwaleed/Desktop/project/component/Torpedo-ROVER/uros_ws/install/micro_ros_msgs/lib/libmicro_ros_msgs__rosidl_typesupport_cpp.so
[12.178s] -- Set runtime path of "/home/omarwaleed/Desktop/project/component/Torpedo-ROVER/uros_ws/install/micro_ros_msgs/lib/libmicro_ros_msgs__rosidl_typesupport_cpp.so" to ""
[12.178s] -- Installing: /home/omarwaleed/Desktop/project/component/Torpedo-ROVER/uros_ws/install/micro_ros_msgs/share/micro_ros_msgs/environment/pythonpath.sh
[12.178s] -- Installing: /home/omarwaleed/Desktop/project/component/Torpedo-ROVER/uros_ws/install/micro_ros_msgs/share/micro_ros_msgs/environment/pythonpath.dsv
[12.179s] -- Installing: /home/omarwaleed/Desktop/project/component/Torpedo-ROVER/uros_ws/install/micro_ros_msgs/local/lib/python3.10/dist-packages/micro_ros_msgs-3.0.1-py3.10.egg-info
[12.179s] -- Installing: /home/omarwaleed/Desktop/project/component/Torpedo-ROVER/uros_ws/install/micro_ros_msgs/local/lib/python3.10/dist-packages/micro_ros_msgs-3.0.1-py3.10.egg-info/SOURCES.txt
[12.179s] -- Installing: /home/omarwaleed/Desktop/project/component/Torpedo-ROVER/uros_ws/install/micro_ros_msgs/local/lib/python3.10/dist-packages/micro_ros_msgs-3.0.1-py3.10.egg-info/dependency_links.txt
[12.180s] -- Installing: /home/omarwaleed/Desktop/project/component/Torpedo-ROVER/uros_ws/install/micro_ros_msgs/local/lib/python3.10/dist-packages/micro_ros_msgs-3.0.1-py3.10.egg-info/PKG-INFO
[12.180s] -- Installing: /home/omarwaleed/Desktop/project/component/Torpedo-ROVER/uros_ws/install/micro_ros_msgs/local/lib/python3.10/dist-packages/micro_ros_msgs-3.0.1-py3.10.egg-info/top_level.txt
[12.180s] -- Installing: /home/omarwaleed/Desktop/project/component/Torpedo-ROVER/uros_ws/install/micro_ros_msgs/local/lib/python3.10/dist-packages/micro_ros_msgs
[12.180s] -- Installing: /home/omarwaleed/Desktop/project/component/Torpedo-ROVER/uros_ws/install/micro_ros_msgs/local/lib/python3.10/dist-packages/micro_ros_msgs/_micro_ros_msgs_s.ep.rosidl_typesupport_fastrtps_c.c
[12.181s] -- Installing: /home/omarwaleed/Desktop/project/component/Torpedo-ROVER/uros_ws/install/micro_ros_msgs/local/lib/python3.10/dist-packages/micro_ros_msgs/libmicro_ros_msgs__rosidl_generator_py.so
[12.181s] -- Installing: /home/omarwaleed/Desktop/project/component/Torpedo-ROVER/uros_ws/install/micro_ros_msgs/local/lib/python3.10/dist-packages/micro_ros_msgs/micro_ros_msgs_s__rosidl_typesupport_introspection_c.cpython-310-x86_64-linux-gnu.so
[12.181s] -- Installing: /home/omarwaleed/Desktop/project/component/Torpedo-ROVER/uros_ws/install/micro_ros_msgs/local/lib/python3.10/dist-packages/micro_ros_msgs/micro_ros_msgs_s__rosidl_typesupport_fastrtps_c.cpython-310-x86_64-linux-gnu.so
[12.181s] -- Installing: /home/omarwaleed/Desktop/project/component/Torpedo-ROVER/uros_ws/install/micro_ros_msgs/local/lib/python3.10/dist-packages/micro_ros_msgs/micro_ros_msgs_s__rosidl_typesupport_c.cpython-310-x86_64-linux-gnu.so
[12.182s] -- Installing: /home/omarwaleed/Desktop/project/component/Torpedo-ROVER/uros_ws/install/micro_ros_msgs/local/lib/python3.10/dist-packages/micro_ros_msgs/__init__.py
[12.182s] -- Installing: /home/omarwaleed/Desktop/project/component/Torpedo-ROVER/uros_ws/install/micro_ros_msgs/local/lib/python3.10/dist-packages/micro_ros_msgs/_micro_ros_msgs_s.ep.rosidl_typesupport_introspection_c.c
[12.182s] -- Installing: /home/omarwaleed/Desktop/project/component/Torpedo-ROVER/uros_ws/install/micro_ros_msgs/local/lib/python3.10/dist-packages/micro_ros_msgs/_micro_ros_msgs_s.ep.rosidl_typesupport_c.c
[12.183s] -- Installing: /home/omarwaleed/Desktop/project/component/Torpedo-ROVER/uros_ws/install/micro_ros_msgs/local/lib/python3.10/dist-packages/micro_ros_msgs/msg
[12.183s] -- Installing: /home/omarwaleed/Desktop/project/component/Torpedo-ROVER/uros_ws/install/micro_ros_msgs/local/lib/python3.10/dist-packages/micro_ros_msgs/msg/_entity.py
[12.183s] -- Installing: /home/omarwaleed/Desktop/project/component/Torpedo-ROVER/uros_ws/install/micro_ros_msgs/local/lib/python3.10/dist-packages/micro_ros_msgs/msg/_node_s.c
[12.183s] -- Installing: /home/omarwaleed/Desktop/project/component/Torpedo-ROVER/uros_ws/install/micro_ros_msgs/local/lib/python3.10/dist-packages/micro_ros_msgs/msg/__init__.py
[12.184s] -- Installing: /home/omarwaleed/Desktop/project/component/Torpedo-ROVER/uros_ws/install/micro_ros_msgs/local/lib/python3.10/dist-packages/micro_ros_msgs/msg/_graph.py
[12.184s] -- Installing: /home/omarwaleed/Desktop/project/component/Torpedo-ROVER/uros_ws/install/micro_ros_msgs/local/lib/python3.10/dist-packages/micro_ros_msgs/msg/_entity_s.c
[12.184s] -- Installing: /home/omarwaleed/Desktop/project/component/Torpedo-ROVER/uros_ws/install/micro_ros_msgs/local/lib/python3.10/dist-packages/micro_ros_msgs/msg/_graph_s.c
[12.184s] -- Installing: /home/omarwaleed/Desktop/project/component/Torpedo-ROVER/uros_ws/install/micro_ros_msgs/local/lib/python3.10/dist-packages/micro_ros_msgs/msg/_node.py
[12.257s] Listing '/home/omarwaleed/Desktop/project/component/Torpedo-ROVER/uros_ws/install/micro_ros_msgs/local/lib/python3.10/dist-packages/micro_ros_msgs'...
[12.258s] Compiling '/home/omarwaleed/Desktop/project/component/Torpedo-ROVER/uros_ws/install/micro_ros_msgs/local/lib/python3.10/dist-packages/micro_ros_msgs/__init__.py'...
[12.258s] Listing '/home/omarwaleed/Desktop/project/component/Torpedo-ROVER/uros_ws/install/micro_ros_msgs/local/lib/python3.10/dist-packages/micro_ros_msgs/msg'...
[12.258s] Compiling '/home/omarwaleed/Desktop/project/component/Torpedo-ROVER/uros_ws/install/micro_ros_msgs/local/lib/python3.10/dist-packages/micro_ros_msgs/msg/__init__.py'...
[12.258s] Compiling '/home/omarwaleed/Desktop/project/component/Torpedo-ROVER/uros_ws/install/micro_ros_msgs/local/lib/python3.10/dist-packages/micro_ros_msgs/msg/_entity.py'...
[12.258s] Compiling '/home/omarwaleed/Desktop/project/component/Torpedo-ROVER/uros_ws/install/micro_ros_msgs/local/lib/python3.10/dist-packages/micro_ros_msgs/msg/_graph.py'...
[12.258s] Compiling '/home/omarwaleed/Desktop/project/component/Torpedo-ROVER/uros_ws/install/micro_ros_msgs/local/lib/python3.10/dist-packages/micro_ros_msgs/msg/_node.py'...
[12.266s] -- Installing: /home/omarwaleed/Desktop/project/component/Torpedo-ROVER/uros_ws/install/micro_ros_msgs/local/lib/python3.10/dist-packages/micro_ros_msgs/micro_ros_msgs_s__rosidl_typesupport_fastrtps_c.cpython-310-x86_64-linux-gnu.so
[12.267s] -- Set runtime path of "/home/omarwaleed/Desktop/project/component/Torpedo-ROVER/uros_ws/install/micro_ros_msgs/local/lib/python3.10/dist-packages/micro_ros_msgs/micro_ros_msgs_s__rosidl_typesupport_fastrtps_c.cpython-310-x86_64-linux-gnu.so" to ""
[12.267s] -- Installing: /home/omarwaleed/Desktop/project/component/Torpedo-ROVER/uros_ws/install/micro_ros_msgs/local/lib/python3.10/dist-packages/micro_ros_msgs/micro_ros_msgs_s__rosidl_typesupport_introspection_c.cpython-310-x86_64-linux-gnu.so
[12.268s] -- Set runtime path of "/home/omarwaleed/Desktop/project/component/Torpedo-ROVER/uros_ws/install/micro_ros_msgs/local/lib/python3.10/dist-packages/micro_ros_msgs/micro_ros_msgs_s__rosidl_typesupport_introspection_c.cpython-310-x86_64-linux-gnu.so" to ""
[12.268s] -- Installing: /home/omarwaleed/Desktop/project/component/Torpedo-ROVER/uros_ws/install/micro_ros_msgs/local/lib/python3.10/dist-packages/micro_ros_msgs/micro_ros_msgs_s__rosidl_typesupport_c.cpython-310-x86_64-linux-gnu.so
[12.269s] -- Set runtime path of "/home/omarwaleed/Desktop/project/component/Torpedo-ROVER/uros_ws/install/micro_ros_msgs/local/lib/python3.10/dist-packages/micro_ros_msgs/micro_ros_msgs_s__rosidl_typesupport_c.cpython-310-x86_64-linux-gnu.so" to ""
[12.269s] -- Installing: /home/omarwaleed/Desktop/project/component/Torpedo-ROVER/uros_ws/install/micro_ros_msgs/lib/libmicro_ros_msgs__rosidl_generator_py.so
[12.270s] -- Set runtime path of "/home/omarwaleed/Desktop/project/component/Torpedo-ROVER/uros_ws/install/micro_ros_msgs/lib/libmicro_ros_msgs__rosidl_generator_py.so" to ""
[12.270s] -- Installing: /home/omarwaleed/Desktop/project/component/Torpedo-ROVER/uros_ws/install/micro_ros_msgs/share/micro_ros_msgs/msg/Graph.idl
[12.271s] -- Installing: /home/omarwaleed/Desktop/project/component/Torpedo-ROVER/uros_ws/install/micro_ros_msgs/share/micro_ros_msgs/msg/Node.idl
[12.271s] -- Installing: /home/omarwaleed/Desktop/project/component/Torpedo-ROVER/uros_ws/install/micro_ros_msgs/share/micro_ros_msgs/msg/Entity.idl
[12.271s] -- Installing: /home/omarwaleed/Desktop/project/component/Torpedo-ROVER/uros_ws/install/micro_ros_msgs/share/micro_ros_msgs/msg/Graph.msg
[12.272s] -- Installing: /home/omarwaleed/Desktop/project/component/Torpedo-ROVER/uros_ws/install/micro_ros_msgs/share/micro_ros_msgs/msg/Node.msg
[12.272s] -- Installing: /home/omarwaleed/Desktop/project/component/Torpedo-ROVER/uros_ws/install/micro_ros_msgs/share/micro_ros_msgs/msg/Entity.msg
[12.272s] -- Installing: /home/omarwaleed/Desktop/project/component/Torpedo-ROVER/uros_ws/install/micro_ros_msgs/share/ament_index/resource_index/package_run_dependencies/micro_ros_msgs
[12.273s] -- Installing: /home/omarwaleed/Desktop/project/component/Torpedo-ROVER/uros_ws/install/micro_ros_msgs/share/ament_index/resource_index/parent_prefix_path/micro_ros_msgs
[12.273s] -- Installing: /home/omarwaleed/Desktop/project/component/Torpedo-ROVER/uros_ws/install/micro_ros_msgs/share/micro_ros_msgs/environment/ament_prefix_path.sh
[12.273s] -- Installing: /home/omarwaleed/Desktop/project/component/Torpedo-ROVER/uros_ws/install/micro_ros_msgs/share/micro_ros_msgs/environment/ament_prefix_path.dsv
[12.274s] -- Installing: /home/omarwaleed/Desktop/project/component/Torpedo-ROVER/uros_ws/install/micro_ros_msgs/share/micro_ros_msgs/environment/path.sh
[12.274s] -- Installing: /home/omarwaleed/Desktop/project/component/Torpedo-ROVER/uros_ws/install/micro_ros_msgs/share/micro_ros_msgs/environment/path.dsv
[12.274s] -- Installing: /home/omarwaleed/Desktop/project/component/Torpedo-ROVER/uros_ws/install/micro_ros_msgs/share/micro_ros_msgs/local_setup.bash
[12.274s] -- Installing: /home/omarwaleed/Desktop/project/component/Torpedo-ROVER/uros_ws/install/micro_ros_msgs/share/micro_ros_msgs/local_setup.sh
[12.275s] -- Installing: /home/omarwaleed/Desktop/project/component/Torpedo-ROVER/uros_ws/install/micro_ros_msgs/share/micro_ros_msgs/local_setup.zsh
[12.275s] -- Installing: /home/omarwaleed/Desktop/project/component/Torpedo-ROVER/uros_ws/install/micro_ros_msgs/share/micro_ros_msgs/local_setup.dsv
[12.275s] -- Installing: /home/omarwaleed/Desktop/project/component/Torpedo-ROVER/uros_ws/install/micro_ros_msgs/share/micro_ros_msgs/package.dsv
[12.276s] -- Installing: /home/omarwaleed/Desktop/project/component/Torpedo-ROVER/uros_ws/install/micro_ros_msgs/share/ament_index/resource_index/packages/micro_ros_msgs
[12.276s] -- Installing: /home/omarwaleed/Desktop/project/component/Torpedo-ROVER/uros_ws/install/micro_ros_msgs/share/micro_ros_msgs/cmake/export_micro_ros_msgs__rosidl_generator_cExport.cmake
[12.276s] -- Installing: /home/omarwaleed/Desktop/project/component/Torpedo-ROVER/uros_ws/install/micro_ros_msgs/share/micro_ros_msgs/cmake/export_micro_ros_msgs__rosidl_generator_cExport-noconfig.cmake
[12.277s] -- Installing: /home/omarwaleed/Desktop/project/component/Torpedo-ROVER/uros_ws/install/micro_ros_msgs/share/micro_ros_msgs/cmake/export_micro_ros_msgs__rosidl_typesupport_fastrtps_cExport.cmake
[12.277s] -- Installing: /home/omarwaleed/Desktop/project/component/Torpedo-ROVER/uros_ws/install/micro_ros_msgs/share/micro_ros_msgs/cmake/export_micro_ros_msgs__rosidl_typesupport_fastrtps_cExport-noconfig.cmake
[12.277s] -- Installing: /home/omarwaleed/Desktop/project/component/Torpedo-ROVER/uros_ws/install/micro_ros_msgs/share/micro_ros_msgs/cmake/micro_ros_msgs__rosidl_typesupport_introspection_cExport.cmake
[12.278s] -- Installing: /home/omarwaleed/Desktop/project/component/Torpedo-ROVER/uros_ws/install/micro_ros_msgs/share/micro_ros_msgs/cmake/micro_ros_msgs__rosidl_typesupport_introspection_cExport-noconfig.cmake
[12.278s] -- Installing: /home/omarwaleed/Desktop/project/component/Torpedo-ROVER/uros_ws/install/micro_ros_msgs/share/micro_ros_msgs/cmake/micro_ros_msgs__rosidl_typesupport_cExport.cmake
[12.278s] -- Installing: /home/omarwaleed/Desktop/project/component/Torpedo-ROVER/uros_ws/install/micro_ros_msgs/share/micro_ros_msgs/cmake/micro_ros_msgs__rosidl_typesupport_cExport-noconfig.cmake
[12.279s] -- Installing: /home/omarwaleed/Desktop/project/component/Torpedo-ROVER/uros_ws/install/micro_ros_msgs/share/micro_ros_msgs/cmake/export_micro_ros_msgs__rosidl_generator_cppExport.cmake
[12.279s] -- Installing: /home/omarwaleed/Desktop/project/component/Torpedo-ROVER/uros_ws/install/micro_ros_msgs/share/micro_ros_msgs/cmake/export_micro_ros_msgs__rosidl_typesupport_fastrtps_cppExport.cmake
[12.279s] -- Installing: /home/omarwaleed/Desktop/project/component/Torpedo-ROVER/uros_ws/install/micro_ros_msgs/share/micro_ros_msgs/cmake/export_micro_ros_msgs__rosidl_typesupport_fastrtps_cppExport-noconfig.cmake
[12.280s] -- Installing: /home/omarwaleed/Desktop/project/component/Torpedo-ROVER/uros_ws/install/micro_ros_msgs/share/micro_ros_msgs/cmake/micro_ros_msgs__rosidl_typesupport_introspection_cppExport.cmake
[12.280s] -- Installing: /home/omarwaleed/Desktop/project/component/Torpedo-ROVER/uros_ws/install/micro_ros_msgs/share/micro_ros_msgs/cmake/micro_ros_msgs__rosidl_typesupport_introspection_cppExport-noconfig.cmake
[12.280s] -- Installing: /home/omarwaleed/Desktop/project/component/Torpedo-ROVER/uros_ws/install/micro_ros_msgs/share/micro_ros_msgs/cmake/micro_ros_msgs__rosidl_typesupport_cppExport.cmake
[12.280s] -- Installing: /home/omarwaleed/Desktop/project/component/Torpedo-ROVER/uros_ws/install/micro_ros_msgs/share/micro_ros_msgs/cmake/micro_ros_msgs__rosidl_typesupport_cppExport-noconfig.cmake
[12.281s] -- Installing: /home/omarwaleed/Desktop/project/component/Torpedo-ROVER/uros_ws/install/micro_ros_msgs/share/micro_ros_msgs/cmake/export_micro_ros_msgs__rosidl_generator_pyExport.cmake
[12.281s] -- Installing: /home/omarwaleed/Desktop/project/component/Torpedo-ROVER/uros_ws/install/micro_ros_msgs/share/micro_ros_msgs/cmake/export_micro_ros_msgs__rosidl_generator_pyExport-noconfig.cmake
[12.281s] -- Installing: /home/omarwaleed/Desktop/project/component/Torpedo-ROVER/uros_ws/install/micro_ros_msgs/share/micro_ros_msgs/cmake/rosidl_cmake-extras.cmake
[12.282s] -- Installing: /home/omarwaleed/Desktop/project/component/Torpedo-ROVER/uros_ws/install/micro_ros_msgs/share/micro_ros_msgs/cmake/ament_cmake_export_include_directories-extras.cmake
[12.282s] -- Installing: /home/omarwaleed/Desktop/project/component/Torpedo-ROVER/uros_ws/install/micro_ros_msgs/share/micro_ros_msgs/cmake/ament_cmake_export_libraries-extras.cmake
[12.282s] -- Installing: /home/omarwaleed/Desktop/project/component/Torpedo-ROVER/uros_ws/install/micro_ros_msgs/share/micro_ros_msgs/cmake/ament_cmake_export_targets-extras.cmake
[12.282s] -- Installing: /home/omarwaleed/Desktop/project/component/Torpedo-ROVER/uros_ws/install/micro_ros_msgs/share/micro_ros_msgs/cmake/rosidl_cmake_export_typesupport_targets-extras.cmake
[12.283s] -- Installing: /home/omarwaleed/Desktop/project/component/Torpedo-ROVER/uros_ws/install/micro_ros_msgs/share/micro_ros_msgs/cmake/ament_cmake_export_dependencies-extras.cmake
[12.283s] -- Installing: /home/omarwaleed/Desktop/project/component/Torpedo-ROVER/uros_ws/install/micro_ros_msgs/share/micro_ros_msgs/cmake/rosidl_cmake_export_typesupport_libraries-extras.cmake
[12.283s] -- Installing: /home/omarwaleed/Desktop/project/component/Torpedo-ROVER/uros_ws/install/micro_ros_msgs/share/micro_ros_msgs/cmake/micro_ros_msgsConfig.cmake
[12.284s] -- Installing: /home/omarwaleed/Desktop/project/component/Torpedo-ROVER/uros_ws/install/micro_ros_msgs/share/micro_ros_msgs/cmake/micro_ros_msgsConfig-version.cmake
[12.284s] -- Installing: /home/omarwaleed/Desktop/project/component/Torpedo-ROVER/uros_ws/install/micro_ros_msgs/share/micro_ros_msgs/package.xml
[12.289s] Invoked command in '/home/omarwaleed/Desktop/project/component/Torpedo-ROVER/uros_ws/build/micro_ros_msgs' returned '0': CMAKE_PREFIX_PATH=${CMAKE_PREFIX_PATH}:/home/omarwaleed/turtle_catch_ws/install/turtle_catch:/home/omarwaleed/ros2_ws/install/ultrasonic_subscriber:/home/omarwaleed/ros2_ws/install/ultrasonic_sim:/home/omarwaleed/ros2_ws/install/ultrasonic_publisher:/home/omarwaleed/ros2_ws/install/my_robot_controller:/opt/ros/humble /usr/bin/cmake --install /home/omarwaleed/Desktop/project/component/Torpedo-ROVER/uros_ws/build/micro_ros_msgs
