[0.398s] DEBUG:colcon:Command line arguments: ['/usr/bin/colcon', 'list', '-p', '--base-paths', '/home/omarwaleed/ros2_controller']
[0.399s] DEBUG:colcon:Parsed command line arguments: Namespace(log_base=None, log_level=None, verb_name='list', build_base='build', ignore_user_meta=False, metas=['./colcon.meta'], base_paths=['/home/omarwaleed/ros2_controller'], packages_ignore=None, packages_ignore_regex=None, paths=None, packages_up_to=None, packages_up_to_regex=None, packages_above=None, packages_above_and_dependencies=None, packages_above_depth=None, packages_select_by_dep=None, packages_skip_by_dep=None, packages_skip_up_to=None, packages_select_build_failed=False, packages_skip_build_finished=False, packages_select_test_failures=False, packages_skip_test_passed=False, packages_select=None, packages_skip=None, packages_select_regex=None, packages_skip_regex=None, packages_start=None, packages_end=None, allow_overriding=[], topological_order=False, names_only=False, paths_only=True, topological_graph=False, topological_graph_dot=False, topological_graph_density=False, topological_graph_legend=False, topological_graph_dot_cluster=False, topological_graph_dot_include_skipped=False, verb_parser=<colcon_defaults.argument_parser.defaults.DefaultArgumentsDecorator object at 0x767725136dd0>, verb_extension=<colcon_package_information.verb.list.ListVerb object at 0x767725135f90>, main=<bound method ListVerb.main of <colcon_package_information.verb.list.ListVerb object at 0x767725135f90>>)
[1.110s] Level 1:colcon.colcon_core.package_discovery:discover_packages(colcon_meta) check parameters
[1.110s] Level 1:colcon.colcon_core.package_discovery:discover_packages(recursive) check parameters
[1.111s] Level 1:colcon.colcon_core.package_discovery:discover_packages(ignore) check parameters
[1.111s] Level 1:colcon.colcon_core.package_discovery:discover_packages(path) check parameters
[1.111s] Level 1:colcon.colcon_core.package_discovery:discover_packages(recursive) discover
[1.111s] INFO:colcon.colcon_core.package_discovery:Crawling recursively for packages in '/home/omarwaleed/ros2_controller'
[1.111s] Level 1:colcon.colcon_core.package_identification:_identify(/home/omarwaleed/ros2_controller) by extensions ['ignore', 'ignore_ament_install']
[1.112s] Level 1:colcon.colcon_core.package_identification:_identify(/home/omarwaleed/ros2_controller) by extension 'ignore'
[1.112s] Level 1:colcon.colcon_core.package_identification:_identify(/home/omarwaleed/ros2_controller) by extension 'ignore_ament_install'
[1.112s] Level 1:colcon.colcon_core.package_identification:_identify(/home/omarwaleed/ros2_controller) by extensions ['colcon_pkg']
[1.113s] Level 1:colcon.colcon_core.package_identification:_identify(/home/omarwaleed/ros2_controller) by extension 'colcon_pkg'
[1.113s] Level 1:colcon.colcon_core.package_identification:_identify(/home/omarwaleed/ros2_controller) by extensions ['colcon_meta']
[1.113s] Level 1:colcon.colcon_core.package_identification:_identify(/home/omarwaleed/ros2_controller) by extension 'colcon_meta'
[1.113s] Level 1:colcon.colcon_core.package_identification:_identify(/home/omarwaleed/ros2_controller) by extensions ['ros']
[1.113s] Level 1:colcon.colcon_core.package_identification:_identify(/home/omarwaleed/ros2_controller) by extension 'ros'
[1.191s] Level 1:colcon.colcon_core.package_identification:_identify(/home/omarwaleed/ros2_controller) by extensions ['cmake', 'python']
[1.191s] Level 1:colcon.colcon_core.package_identification:_identify(/home/omarwaleed/ros2_controller) by extension 'cmake'
[1.191s] Level 1:colcon.colcon_core.package_identification:_identify(/home/omarwaleed/ros2_controller) by extension 'python'
[1.191s] Level 1:colcon.colcon_core.package_identification:_identify(/home/omarwaleed/ros2_controller) by extensions ['python_setup_py']
[1.191s] Level 1:colcon.colcon_core.package_identification:_identify(/home/omarwaleed/ros2_controller) by extension 'python_setup_py'
[1.192s] Level 1:colcon.colcon_core.package_identification:_identify(/home/omarwaleed/ros2_controller/log) by extensions ['ignore', 'ignore_ament_install']
[1.193s] Level 1:colcon.colcon_core.package_identification:_identify(/home/omarwaleed/ros2_controller/log) by extension 'ignore'
[1.193s] Level 1:colcon.colcon_core.package_identification:_identify(/home/omarwaleed/ros2_controller/log) ignored
[1.193s] Level 1:colcon.colcon_core.package_identification:_identify(/home/omarwaleed/ros2_controller/src) by extensions ['ignore', 'ignore_ament_install']
[1.194s] Level 1:colcon.colcon_core.package_identification:_identify(/home/omarwaleed/ros2_controller/src) by extension 'ignore'
[1.194s] Level 1:colcon.colcon_core.package_identification:_identify(/home/omarwaleed/ros2_controller/src) by extension 'ignore_ament_install'
[1.194s] Level 1:colcon.colcon_core.package_identification:_identify(/home/omarwaleed/ros2_controller/src) by extensions ['colcon_pkg']
[1.194s] Level 1:colcon.colcon_core.package_identification:_identify(/home/omarwaleed/ros2_controller/src) by extension 'colcon_pkg'
[1.194s] Level 1:colcon.colcon_core.package_identification:_identify(/home/omarwaleed/ros2_controller/src) by extensions ['colcon_meta']
[1.195s] Level 1:colcon.colcon_core.package_identification:_identify(/home/omarwaleed/ros2_controller/src) by extension 'colcon_meta'
[1.195s] Level 1:colcon.colcon_core.package_identification:_identify(/home/omarwaleed/ros2_controller/src) by extensions ['ros']
[1.195s] Level 1:colcon.colcon_core.package_identification:_identify(/home/omarwaleed/ros2_controller/src) by extension 'ros'
[1.195s] Level 1:colcon.colcon_core.package_identification:_identify(/home/omarwaleed/ros2_controller/src) by extensions ['cmake', 'python']
[1.195s] Level 1:colcon.colcon_core.package_identification:_identify(/home/omarwaleed/ros2_controller/src) by extension 'cmake'
[1.196s] Level 1:colcon.colcon_core.package_identification:_identify(/home/omarwaleed/ros2_controller/src) by extension 'python'
[1.196s] Level 1:colcon.colcon_core.package_identification:_identify(/home/omarwaleed/ros2_controller/src) by extensions ['python_setup_py']
[1.196s] Level 1:colcon.colcon_core.package_identification:_identify(/home/omarwaleed/ros2_controller/src) by extension 'python_setup_py'
[1.196s] Level 1:colcon.colcon_core.package_identification:_identify(/home/omarwaleed/ros2_controller/src/ros2_comm) by extensions ['ignore', 'ignore_ament_install']
[1.197s] Level 1:colcon.colcon_core.package_identification:_identify(/home/omarwaleed/ros2_controller/src/ros2_comm) by extension 'ignore'
[1.197s] Level 1:colcon.colcon_core.package_identification:_identify(/home/omarwaleed/ros2_controller/src/ros2_comm) by extension 'ignore_ament_install'
[1.197s] Level 1:colcon.colcon_core.package_identification:_identify(/home/omarwaleed/ros2_controller/src/ros2_comm) by extensions ['colcon_pkg']
[1.197s] Level 1:colcon.colcon_core.package_identification:_identify(/home/omarwaleed/ros2_controller/src/ros2_comm) by extension 'colcon_pkg'
[1.201s] Level 1:colcon.colcon_core.package_identification:_identify(/home/omarwaleed/ros2_controller/src/ros2_comm) by extensions ['colcon_meta']
[1.202s] Level 1:colcon.colcon_core.package_identification:_identify(/home/omarwaleed/ros2_controller/src/ros2_comm) by extension 'colcon_meta'
[1.202s] Level 1:colcon.colcon_core.package_identification:_identify(/home/omarwaleed/ros2_controller/src/ros2_comm) by extensions ['ros']
[1.202s] Level 1:colcon.colcon_core.package_identification:_identify(/home/omarwaleed/ros2_controller/src/ros2_comm) by extension 'ros'
[1.215s] DEBUG:colcon.colcon_core.package_identification:Package '/home/omarwaleed/ros2_controller/src/ros2_comm' with type 'ros.ament_python' and name 'ros2_comm'
[1.216s] Level 1:colcon.colcon_core.package_discovery:discover_packages(recursive) using defaults
