[0.402s] DEBUG:colcon:Command line arguments: ['/usr/bin/colcon', 'build']
[0.402s] DEBUG:colcon:Parsed command line arguments: Namespace(log_base=None, log_level=None, verb_name='build', build_base='build', install_base='install', merge_install=False, symlink_install=False, test_result_base=None, continue_on_error=False, executor='parallel', parallel_workers=8, event_handlers=None, ignore_user_meta=False, metas=['./colcon.meta'], base_paths=['.'], packages_ignore=None, packages_ignore_regex=None, paths=None, packages_up_to=None, packages_up_to_regex=None, packages_above=None, packages_above_and_dependencies=None, packages_above_depth=None, packages_select_by_dep=None, packages_skip_by_dep=None, packages_skip_up_to=None, packages_select_build_failed=False, packages_skip_build_finished=False, packages_select_test_failures=False, packages_skip_test_passed=False, packages_select=None, packages_skip=None, packages_select_regex=None, packages_skip_regex=None, packages_start=None, packages_end=None, allow_overriding=[], cmake_args=None, cmake_target=None, cmake_target_skip_unavailable=False, cmake_clean_cache=False, cmake_clean_first=False, cmake_force_configure=False, ament_cmake_args=None, catkin_cmake_args=None, catkin_skip_building_tests=False, verb_parser=<colcon_defaults.argument_parser.defaults.DefaultArgumentsDecorator object at 0x7f4161631000>, verb_extension=<colcon_core.verb.build.BuildVerb object at 0x7f4161630af0>, main=<bound method BuildVerb.main of <colcon_core.verb.build.BuildVerb object at 0x7f4161630af0>>)
[0.728s] Level 1:colcon.colcon_core.package_discovery:discover_packages(colcon_meta) check parameters
[0.728s] Level 1:colcon.colcon_core.package_discovery:discover_packages(recursive) check parameters
[0.728s] Level 1:colcon.colcon_core.package_discovery:discover_packages(ignore) check parameters
[0.728s] Level 1:colcon.colcon_core.package_discovery:discover_packages(path) check parameters
[0.728s] Level 1:colcon.colcon_core.package_discovery:discover_packages(colcon_meta) discover
[0.728s] Level 1:colcon.colcon_core.package_discovery:discover_packages(recursive) discover
[0.728s] INFO:colcon.colcon_core.package_discovery:Crawling recursively for packages in '/home/omarwaleed/Desktop/project/component/Torpedo-ROVER/uros_ws'
[0.728s] Level 1:colcon.colcon_core.package_identification:_identify(.) by extensions ['ignore', 'ignore_ament_install']
[0.729s] Level 1:colcon.colcon_core.package_identification:_identify(.) by extension 'ignore'
[0.729s] Level 1:colcon.colcon_core.package_identification:_identify(.) by extension 'ignore_ament_install'
[0.729s] Level 1:colcon.colcon_core.package_identification:_identify(.) by extensions ['colcon_pkg']
[0.729s] Level 1:colcon.colcon_core.package_identification:_identify(.) by extension 'colcon_pkg'
[0.729s] Level 1:colcon.colcon_core.package_identification:_identify(.) by extensions ['colcon_meta']
[0.729s] Level 1:colcon.colcon_core.package_identification:_identify(.) by extension 'colcon_meta'
[0.729s] Level 1:colcon.colcon_core.package_identification:_identify(.) by extensions ['ros']
[0.729s] Level 1:colcon.colcon_core.package_identification:_identify(.) by extension 'ros'
[0.751s] Level 1:colcon.colcon_core.package_identification:_identify(.) by extensions ['cmake', 'python']
[0.751s] Level 1:colcon.colcon_core.package_identification:_identify(.) by extension 'cmake'
[0.752s] Level 1:colcon.colcon_core.package_identification:_identify(.) by extension 'python'
[0.752s] Level 1:colcon.colcon_core.package_identification:_identify(.) by extensions ['python_setup_py']
[0.752s] Level 1:colcon.colcon_core.package_identification:_identify(.) by extension 'python_setup_py'
[0.752s] Level 1:colcon.colcon_core.package_identification:_identify(build) by extensions ['ignore', 'ignore_ament_install']
[0.752s] Level 1:colcon.colcon_core.package_identification:_identify(build) by extension 'ignore'
[0.752s] Level 1:colcon.colcon_core.package_identification:_identify(build) ignored
[0.752s] Level 1:colcon.colcon_core.package_identification:_identify(install) by extensions ['ignore', 'ignore_ament_install']
[0.753s] Level 1:colcon.colcon_core.package_identification:_identify(install) by extension 'ignore'
[0.753s] Level 1:colcon.colcon_core.package_identification:_identify(install) ignored
[0.753s] Level 1:colcon.colcon_core.package_identification:_identify(log) by extensions ['ignore', 'ignore_ament_install']
[0.753s] Level 1:colcon.colcon_core.package_identification:_identify(log) by extension 'ignore'
[0.753s] Level 1:colcon.colcon_core.package_identification:_identify(log) ignored
[0.753s] Level 1:colcon.colcon_core.package_identification:_identify(src) by extensions ['ignore', 'ignore_ament_install']
[0.753s] Level 1:colcon.colcon_core.package_identification:_identify(src) by extension 'ignore'
[0.754s] Level 1:colcon.colcon_core.package_identification:_identify(src) by extension 'ignore_ament_install'
[0.754s] Level 1:colcon.colcon_core.package_identification:_identify(src) by extensions ['colcon_pkg']
[0.754s] Level 1:colcon.colcon_core.package_identification:_identify(src) by extension 'colcon_pkg'
[0.754s] Level 1:colcon.colcon_core.package_identification:_identify(src) by extensions ['colcon_meta']
[0.754s] Level 1:colcon.colcon_core.package_identification:_identify(src) by extension 'colcon_meta'
[0.754s] Level 1:colcon.colcon_core.package_identification:_identify(src) by extensions ['ros']
[0.754s] Level 1:colcon.colcon_core.package_identification:_identify(src) by extension 'ros'
[0.754s] Level 1:colcon.colcon_core.package_identification:_identify(src) by extensions ['cmake', 'python']
[0.754s] Level 1:colcon.colcon_core.package_identification:_identify(src) by extension 'cmake'
[0.754s] Level 1:colcon.colcon_core.package_identification:_identify(src) by extension 'python'
[0.754s] Level 1:colcon.colcon_core.package_identification:_identify(src) by extensions ['python_setup_py']
[0.755s] Level 1:colcon.colcon_core.package_identification:_identify(src) by extension 'python_setup_py'
[0.755s] Level 1:colcon.colcon_core.package_identification:_identify(src/micro_ros_setup) by extensions ['ignore', 'ignore_ament_install']
[0.755s] Level 1:colcon.colcon_core.package_identification:_identify(src/micro_ros_setup) by extension 'ignore'
[0.755s] Level 1:colcon.colcon_core.package_identification:_identify(src/micro_ros_setup) by extension 'ignore_ament_install'
[0.755s] Level 1:colcon.colcon_core.package_identification:_identify(src/micro_ros_setup) by extensions ['colcon_pkg']
[0.755s] Level 1:colcon.colcon_core.package_identification:_identify(src/micro_ros_setup) by extension 'colcon_pkg'
[0.755s] Level 1:colcon.colcon_core.package_identification:_identify(src/micro_ros_setup) by extensions ['colcon_meta']
[0.755s] Level 1:colcon.colcon_core.package_identification:_identify(src/micro_ros_setup) by extension 'colcon_meta'
[0.755s] Level 1:colcon.colcon_core.package_identification:_identify(src/micro_ros_setup) by extensions ['ros']
[0.755s] Level 1:colcon.colcon_core.package_identification:_identify(src/micro_ros_setup) by extension 'ros'
[0.761s] DEBUG:colcon.colcon_core.package_identification:Package 'src/micro_ros_setup' with type 'ros.ament_cmake' and name 'micro_ros_setup'
[0.761s] Level 1:colcon.colcon_core.package_discovery:discover_packages(recursive) using defaults
[0.761s] Level 1:colcon.colcon_core.package_discovery:discover_packages(ignore) discover
[0.761s] Level 1:colcon.colcon_core.package_discovery:discover_packages(ignore) using defaults
[0.761s] Level 1:colcon.colcon_core.package_discovery:discover_packages(path) discover
[0.761s] Level 1:colcon.colcon_core.package_discovery:discover_packages(path) using defaults
[0.922s] Level 1:colcon.colcon_core.package_discovery:discover_packages(prefix_path) check parameters
[0.922s] Level 1:colcon.colcon_core.package_discovery:discover_packages(prefix_path) discover
[0.927s] DEBUG:colcon.colcon_installed_package_information.package_discovery:Found 1 installed packages in /home/omarwaleed/turtle_catch_ws/install
[0.928s] DEBUG:colcon.colcon_installed_package_information.package_discovery:Found 4 installed packages in /home/omarwaleed/ros2_ws/install
[0.931s] DEBUG:colcon.colcon_installed_package_information.package_discovery:Found 271 installed packages in /opt/ros/humble
[0.934s] Level 1:colcon.colcon_core.package_discovery:discover_packages(prefix_path) using defaults
[1.022s] Level 5:colcon.colcon_core.verb:set package 'micro_ros_setup' build argument 'cmake_args' from command line to 'None'
[1.022s] Level 5:colcon.colcon_core.verb:set package 'micro_ros_setup' build argument 'cmake_target' from command line to 'None'
[1.022s] Level 5:colcon.colcon_core.verb:set package 'micro_ros_setup' build argument 'cmake_target_skip_unavailable' from command line to 'False'
[1.022s] Level 5:colcon.colcon_core.verb:set package 'micro_ros_setup' build argument 'cmake_clean_cache' from command line to 'False'
[1.022s] Level 5:colcon.colcon_core.verb:set package 'micro_ros_setup' build argument 'cmake_clean_first' from command line to 'False'
[1.022s] Level 5:colcon.colcon_core.verb:set package 'micro_ros_setup' build argument 'cmake_force_configure' from command line to 'False'
[1.022s] Level 5:colcon.colcon_core.verb:set package 'micro_ros_setup' build argument 'ament_cmake_args' from command line to 'None'
[1.022s] Level 5:colcon.colcon_core.verb:set package 'micro_ros_setup' build argument 'catkin_cmake_args' from command line to 'None'
[1.022s] Level 5:colcon.colcon_core.verb:set package 'micro_ros_setup' build argument 'catkin_skip_building_tests' from command line to 'False'
[1.022s] DEBUG:colcon.colcon_core.verb:Building package 'micro_ros_setup' with the following arguments: {'ament_cmake_args': None, 'build_base': '/home/omarwaleed/Desktop/project/component/Torpedo-ROVER/uros_ws/build/micro_ros_setup', 'catkin_cmake_args': None, 'catkin_skip_building_tests': False, 'cmake_args': None, 'cmake_clean_cache': False, 'cmake_clean_first': False, 'cmake_force_configure': False, 'cmake_target': None, 'cmake_target_skip_unavailable': False, 'install_base': '/home/omarwaleed/Desktop/project/component/Torpedo-ROVER/uros_ws/install/micro_ros_setup', 'merge_install': False, 'path': '/home/omarwaleed/Desktop/project/component/Torpedo-ROVER/uros_ws/src/micro_ros_setup', 'symlink_install': False, 'test_result_base': None}
[1.023s] INFO:colcon.colcon_core.executor:Executing jobs using 'parallel' executor
[1.024s] DEBUG:colcon.colcon_parallel_executor.executor.parallel:run_until_complete
[1.024s] INFO:colcon.colcon_ros.task.ament_cmake.build:Building ROS package in '/home/omarwaleed/Desktop/project/component/Torpedo-ROVER/uros_ws/src/micro_ros_setup' with build type 'ament_cmake'
[1.025s] INFO:colcon.colcon_cmake.task.cmake.build:Building CMake package in '/home/omarwaleed/Desktop/project/component/Torpedo-ROVER/uros_ws/src/micro_ros_setup'
[1.030s] INFO:colcon.colcon_core.plugin_system:Skipping extension 'colcon_core.shell.bat': Not used on non-Windows systems
[1.030s] INFO:colcon.colcon_core.shell:Skip shell extension 'powershell' for command environment: Not usable outside of PowerShell
[1.030s] DEBUG:colcon.colcon_core.shell:Skip shell extension 'dsv' for command environment
[1.072s] DEBUG:colcon.colcon_core.event_handler.log_command:Invoking command in '/home/omarwaleed/Desktop/project/component/Torpedo-ROVER/uros_ws/build/micro_ros_setup': CMAKE_PREFIX_PATH=/home/omarwaleed/turtle_catch_ws/install/turtle_catch:/home/omarwaleed/ros2_ws/install/ultrasonic_subscriber:/home/omarwaleed/ros2_ws/install/ultrasonic_sim:/home/omarwaleed/ros2_ws/install/ultrasonic_publisher:/home/omarwaleed/ros2_ws/install/my_robot_controller:/opt/ros/humble /usr/bin/cmake /home/omarwaleed/Desktop/project/component/Torpedo-ROVER/uros_ws/src/micro_ros_setup -DCMAKE_INSTALL_PREFIX=/home/omarwaleed/Desktop/project/component/Torpedo-ROVER/uros_ws/install/micro_ros_setup
[4.512s] DEBUG:colcon.colcon_core.event_handler.log_command:Invoked command in '/home/omarwaleed/Desktop/project/component/Torpedo-ROVER/uros_ws/build/micro_ros_setup' returned '0': CMAKE_PREFIX_PATH=/home/omarwaleed/turtle_catch_ws/install/turtle_catch:/home/omarwaleed/ros2_ws/install/ultrasonic_subscriber:/home/omarwaleed/ros2_ws/install/ultrasonic_sim:/home/omarwaleed/ros2_ws/install/ultrasonic_publisher:/home/omarwaleed/ros2_ws/install/my_robot_controller:/opt/ros/humble /usr/bin/cmake /home/omarwaleed/Desktop/project/component/Torpedo-ROVER/uros_ws/src/micro_ros_setup -DCMAKE_INSTALL_PREFIX=/home/omarwaleed/Desktop/project/component/Torpedo-ROVER/uros_ws/install/micro_ros_setup
[4.516s] DEBUG:colcon.colcon_core.event_handler.log_command:Invoking command in '/home/omarwaleed/Desktop/project/component/Torpedo-ROVER/uros_ws/build/micro_ros_setup': CMAKE_PREFIX_PATH=/home/omarwaleed/turtle_catch_ws/install/turtle_catch:/home/omarwaleed/ros2_ws/install/ultrasonic_subscriber:/home/omarwaleed/ros2_ws/install/ultrasonic_sim:/home/omarwaleed/ros2_ws/install/ultrasonic_publisher:/home/omarwaleed/ros2_ws/install/my_robot_controller:/opt/ros/humble /usr/bin/cmake --build /home/omarwaleed/Desktop/project/component/Torpedo-ROVER/uros_ws/build/micro_ros_setup -- -j8 -l8
[4.584s] DEBUG:colcon.colcon_core.event_handler.log_command:Invoked command in '/home/omarwaleed/Desktop/project/component/Torpedo-ROVER/uros_ws/build/micro_ros_setup' returned '0': CMAKE_PREFIX_PATH=/home/omarwaleed/turtle_catch_ws/install/turtle_catch:/home/omarwaleed/ros2_ws/install/ultrasonic_subscriber:/home/omarwaleed/ros2_ws/install/ultrasonic_sim:/home/omarwaleed/ros2_ws/install/ultrasonic_publisher:/home/omarwaleed/ros2_ws/install/my_robot_controller:/opt/ros/humble /usr/bin/cmake --build /home/omarwaleed/Desktop/project/component/Torpedo-ROVER/uros_ws/build/micro_ros_setup -- -j8 -l8
[4.641s] DEBUG:colcon.colcon_core.event_handler.log_command:Invoking command in '/home/omarwaleed/Desktop/project/component/Torpedo-ROVER/uros_ws/build/micro_ros_setup': CMAKE_PREFIX_PATH=/home/omarwaleed/turtle_catch_ws/install/turtle_catch:/home/omarwaleed/ros2_ws/install/ultrasonic_subscriber:/home/omarwaleed/ros2_ws/install/ultrasonic_sim:/home/omarwaleed/ros2_ws/install/ultrasonic_publisher:/home/omarwaleed/ros2_ws/install/my_robot_controller:/opt/ros/humble /usr/bin/cmake --install /home/omarwaleed/Desktop/project/component/Torpedo-ROVER/uros_ws/build/micro_ros_setup
[4.701s] Level 1:colcon.colcon_core.environment:create_environment_scripts_only(micro_ros_setup)
[4.702s] DEBUG:colcon.colcon_core.event_handler.log_command:Invoked command in '/home/omarwaleed/Desktop/project/component/Torpedo-ROVER/uros_ws/build/micro_ros_setup' returned '0': CMAKE_PREFIX_PATH=/home/omarwaleed/turtle_catch_ws/install/turtle_catch:/home/omarwaleed/ros2_ws/install/ultrasonic_subscriber:/home/omarwaleed/ros2_ws/install/ultrasonic_sim:/home/omarwaleed/ros2_ws/install/ultrasonic_publisher:/home/omarwaleed/ros2_ws/install/my_robot_controller:/opt/ros/humble /usr/bin/cmake --install /home/omarwaleed/Desktop/project/component/Torpedo-ROVER/uros_ws/build/micro_ros_setup
[4.742s] Level 1:colcon.colcon_core.environment:checking '/home/omarwaleed/Desktop/project/component/Torpedo-ROVER/uros_ws/install/micro_ros_setup' for CMake module files
[4.743s] Level 1:colcon.colcon_core.environment:checking '/home/omarwaleed/Desktop/project/component/Torpedo-ROVER/uros_ws/install/micro_ros_setup' for CMake config files
[4.744s] Level 1:colcon.colcon_core.shell:create_environment_hook('micro_ros_setup', 'cmake_prefix_path')
[4.745s] INFO:colcon.colcon_core.shell:Creating environment hook '/home/omarwaleed/Desktop/project/component/Torpedo-ROVER/uros_ws/install/micro_ros_setup/share/micro_ros_setup/hook/cmake_prefix_path.ps1'
[4.755s] INFO:colcon.colcon_core.shell:Creating environment descriptor '/home/omarwaleed/Desktop/project/component/Torpedo-ROVER/uros_ws/install/micro_ros_setup/share/micro_ros_setup/hook/cmake_prefix_path.dsv'
[4.772s] INFO:colcon.colcon_core.shell:Creating environment hook '/home/omarwaleed/Desktop/project/component/Torpedo-ROVER/uros_ws/install/micro_ros_setup/share/micro_ros_setup/hook/cmake_prefix_path.sh'
[4.774s] Level 1:colcon.colcon_core.environment:checking '/home/omarwaleed/Desktop/project/component/Torpedo-ROVER/uros_ws/install/micro_ros_setup/lib'
[4.774s] Level 1:colcon.colcon_core.environment:checking '/home/omarwaleed/Desktop/project/component/Torpedo-ROVER/uros_ws/install/micro_ros_setup/bin'
[4.774s] Level 1:colcon.colcon_core.environment:checking '/home/omarwaleed/Desktop/project/component/Torpedo-ROVER/uros_ws/install/micro_ros_setup/lib/pkgconfig/micro_ros_setup.pc'
[4.774s] Level 1:colcon.colcon_core.environment:checking '/home/omarwaleed/Desktop/project/component/Torpedo-ROVER/uros_ws/install/micro_ros_setup/lib/python3.10/site-packages'
[4.775s] Level 1:colcon.colcon_core.environment:checking '/home/omarwaleed/Desktop/project/component/Torpedo-ROVER/uros_ws/install/micro_ros_setup/bin'
[4.775s] INFO:colcon.colcon_core.shell:Creating package script '/home/omarwaleed/Desktop/project/component/Torpedo-ROVER/uros_ws/install/micro_ros_setup/share/micro_ros_setup/package.ps1'
[4.777s] INFO:colcon.colcon_core.shell:Creating package descriptor '/home/omarwaleed/Desktop/project/component/Torpedo-ROVER/uros_ws/install/micro_ros_setup/share/micro_ros_setup/package.dsv'
[4.778s] INFO:colcon.colcon_core.shell:Creating package script '/home/omarwaleed/Desktop/project/component/Torpedo-ROVER/uros_ws/install/micro_ros_setup/share/micro_ros_setup/package.sh'
[4.780s] INFO:colcon.colcon_core.shell:Creating package script '/home/omarwaleed/Desktop/project/component/Torpedo-ROVER/uros_ws/install/micro_ros_setup/share/micro_ros_setup/package.bash'
[4.793s] INFO:colcon.colcon_core.shell:Creating package script '/home/omarwaleed/Desktop/project/component/Torpedo-ROVER/uros_ws/install/micro_ros_setup/share/micro_ros_setup/package.zsh'
[4.801s] Level 1:colcon.colcon_core.environment:create_file_with_runtime_dependencies(/home/omarwaleed/Desktop/project/component/Torpedo-ROVER/uros_ws/install/micro_ros_setup/share/colcon-core/packages/micro_ros_setup)
[4.841s] Level 1:colcon.colcon_core.environment:create_environment_scripts_only(micro_ros_setup)
[4.842s] Level 1:colcon.colcon_core.environment:checking '/home/omarwaleed/Desktop/project/component/Torpedo-ROVER/uros_ws/install/micro_ros_setup' for CMake module files
[4.843s] Level 1:colcon.colcon_core.environment:checking '/home/omarwaleed/Desktop/project/component/Torpedo-ROVER/uros_ws/install/micro_ros_setup' for CMake config files
[4.845s] Level 1:colcon.colcon_core.shell:create_environment_hook('micro_ros_setup', 'cmake_prefix_path')
[4.845s] INFO:colcon.colcon_core.shell:Creating environment hook '/home/omarwaleed/Desktop/project/component/Torpedo-ROVER/uros_ws/install/micro_ros_setup/share/micro_ros_setup/hook/cmake_prefix_path.ps1'
[4.846s] INFO:colcon.colcon_core.shell:Creating environment descriptor '/home/omarwaleed/Desktop/project/component/Torpedo-ROVER/uros_ws/install/micro_ros_setup/share/micro_ros_setup/hook/cmake_prefix_path.dsv'
[4.847s] INFO:colcon.colcon_core.shell:Creating environment hook '/home/omarwaleed/Desktop/project/component/Torpedo-ROVER/uros_ws/install/micro_ros_setup/share/micro_ros_setup/hook/cmake_prefix_path.sh'
[4.848s] Level 1:colcon.colcon_core.environment:checking '/home/omarwaleed/Desktop/project/component/Torpedo-ROVER/uros_ws/install/micro_ros_setup/lib'
[4.848s] Level 1:colcon.colcon_core.environment:checking '/home/omarwaleed/Desktop/project/component/Torpedo-ROVER/uros_ws/install/micro_ros_setup/bin'
[4.848s] Level 1:colcon.colcon_core.environment:checking '/home/omarwaleed/Desktop/project/component/Torpedo-ROVER/uros_ws/install/micro_ros_setup/lib/pkgconfig/micro_ros_setup.pc'
[4.849s] Level 1:colcon.colcon_core.environment:checking '/home/omarwaleed/Desktop/project/component/Torpedo-ROVER/uros_ws/install/micro_ros_setup/lib/python3.10/site-packages'
[4.849s] Level 1:colcon.colcon_core.environment:checking '/home/omarwaleed/Desktop/project/component/Torpedo-ROVER/uros_ws/install/micro_ros_setup/bin'
[4.850s] INFO:colcon.colcon_core.shell:Creating package script '/home/omarwaleed/Desktop/project/component/Torpedo-ROVER/uros_ws/install/micro_ros_setup/share/micro_ros_setup/package.ps1'
[4.851s] INFO:colcon.colcon_core.shell:Creating package descriptor '/home/omarwaleed/Desktop/project/component/Torpedo-ROVER/uros_ws/install/micro_ros_setup/share/micro_ros_setup/package.dsv'
[4.852s] INFO:colcon.colcon_core.shell:Creating package script '/home/omarwaleed/Desktop/project/component/Torpedo-ROVER/uros_ws/install/micro_ros_setup/share/micro_ros_setup/package.sh'
[4.852s] INFO:colcon.colcon_core.shell:Creating package script '/home/omarwaleed/Desktop/project/component/Torpedo-ROVER/uros_ws/install/micro_ros_setup/share/micro_ros_setup/package.bash'
[4.853s] INFO:colcon.colcon_core.shell:Creating package script '/home/omarwaleed/Desktop/project/component/Torpedo-ROVER/uros_ws/install/micro_ros_setup/share/micro_ros_setup/package.zsh'
[4.854s] Level 1:colcon.colcon_core.environment:create_file_with_runtime_dependencies(/home/omarwaleed/Desktop/project/component/Torpedo-ROVER/uros_ws/install/micro_ros_setup/share/colcon-core/packages/micro_ros_setup)
[4.854s] DEBUG:colcon.colcon_parallel_executor.executor.parallel:closing loop
[4.855s] DEBUG:colcon.colcon_parallel_executor.executor.parallel:loop closed
[4.855s] DEBUG:colcon.colcon_parallel_executor.executor.parallel:run_until_complete finished with '0'
[4.855s] DEBUG:colcon.colcon_core.event_reactor:joining thread
[4.911s] INFO:colcon.colcon_core.plugin_system:Skipping extension 'colcon_notification.desktop_notification.terminal_notifier': Not used on non-Darwin systems
[4.911s] INFO:colcon.colcon_core.plugin_system:Skipping extension 'colcon_notification.desktop_notification.win32': Not used on non-Windows systems
[4.912s] INFO:colcon.colcon_notification.desktop_notification:Sending desktop notification using 'notify2'
[4.931s] DEBUG:colcon.colcon_core.event_reactor:joined thread
[4.932s] INFO:colcon.colcon_core.shell:Creating prefix script '/home/omarwaleed/Desktop/project/component/Torpedo-ROVER/uros_ws/install/local_setup.ps1'
[4.934s] INFO:colcon.colcon_core.shell:Creating prefix util module '/home/omarwaleed/Desktop/project/component/Torpedo-ROVER/uros_ws/install/_local_setup_util_ps1.py'
[4.953s] INFO:colcon.colcon_core.shell:Creating prefix chain script '/home/omarwaleed/Desktop/project/component/Torpedo-ROVER/uros_ws/install/setup.ps1'
[4.955s] INFO:colcon.colcon_core.shell:Creating prefix script '/home/omarwaleed/Desktop/project/component/Torpedo-ROVER/uros_ws/install/local_setup.sh'
[4.956s] INFO:colcon.colcon_core.shell:Creating prefix util module '/home/omarwaleed/Desktop/project/component/Torpedo-ROVER/uros_ws/install/_local_setup_util_sh.py'
[4.957s] INFO:colcon.colcon_core.shell:Creating prefix chain script '/home/omarwaleed/Desktop/project/component/Torpedo-ROVER/uros_ws/install/setup.sh'
[4.960s] INFO:colcon.colcon_core.shell:Creating prefix script '/home/omarwaleed/Desktop/project/component/Torpedo-ROVER/uros_ws/install/local_setup.bash'
[4.961s] INFO:colcon.colcon_core.shell:Creating prefix chain script '/home/omarwaleed/Desktop/project/component/Torpedo-ROVER/uros_ws/install/setup.bash'
[4.964s] INFO:colcon.colcon_core.shell:Creating prefix script '/home/omarwaleed/Desktop/project/component/Torpedo-ROVER/uros_ws/install/local_setup.zsh'
[4.965s] INFO:colcon.colcon_core.shell:Creating prefix chain script '/home/omarwaleed/Desktop/project/component/Torpedo-ROVER/uros_ws/install/setup.zsh'
