[0.015s] Invoking command in '/home/omarwaleed/Desktop/project/component/Torpedo-ROVER/web-gui/build/rosapi_msgs': CMAKE_PREFIX_PATH=/home/omarwaleed/turtle_catch_ws/install/turtle_catch:/opt/ros/humble /usr/bin/cmake /home/omarwaleed/Desktop/project/component/Torpedo-ROVER/web-gui/rosbridge_suite/rosapi_msgs -DCMAKE_INSTALL_PREFIX=/home/omarwaleed/Desktop/project/component/Torpedo-ROVER/web-gui/install/rosapi_msgs
[1.363s] -- The C compiler identification is GNU 11.4.0
[1.942s] -- The CXX compiler identification is GNU 11.4.0
[1.954s] -- Detecting C compiler ABI info
[2.124s] -- Detecting C compiler ABI info - done
[2.136s] -- Check for working C compiler: /usr/bin/cc - skipped
[2.136s] -- Detecting C compile features
[2.146s] -- Detecting C compile features - done
[2.152s] -- Detecting CXX compiler ABI info
[2.341s] -- Detecting CXX compiler ABI info - done
[2.356s] -- Check for working CXX compiler: /usr/bin/c++ - skipped
[2.356s] -- Detecting CXX compile features
[2.357s] -- Detecting CXX compile features - done
[2.627s] -- Found ament_cmake_ros: 0.10.0 (/opt/ros/humble/share/ament_cmake_ros/cmake)
[2.941s] -- Found Python3: /usr/bin/python3 (found version "3.10.12") found components: Interpreter 
[3.356s] -- Found builtin_interfaces: 1.2.1 (/opt/ros/humble/share/builtin_interfaces/cmake)
[3.500s] -- Found rosidl_generator_c: 3.1.5 (/opt/ros/humble/share/rosidl_generator_c/cmake)
[3.558s] -- Found rosidl_adapter: 3.1.5 (/opt/ros/humble/share/rosidl_adapter/cmake)
[3.608s] -- Found rosidl_generator_cpp: 3.1.5 (/opt/ros/humble/share/rosidl_generator_cpp/cmake)
[3.708s] -- Using all available rosidl_typesupport_c: rosidl_typesupport_fastrtps_c;rosidl_typesupport_introspection_c
[3.807s] -- Using all available rosidl_typesupport_cpp: rosidl_typesupport_fastrtps_cpp;rosidl_typesupport_introspection_cpp
[3.952s] -- Found rosidl_default_generators: 1.2.0 (/opt/ros/humble/share/rosidl_default_generators/cmake)
